0: main.py:141: SyntaxWarning: "is" with a literal. Did you mean "=="?
0:   if args.save is '':
0: main.py:164: SyntaxWarning: "is not" with a literal. Did you mean "!="?
0:   resume=args.resume is not '',
0: main.py:186: SyntaxWarning: "is not" with a literal. Did you mean "!="?
0:   if args.model_config is not '':
0: saving to ./results/resnet18-test
0: creating model resnet
0: created model with configuration: {'dataset': 'cifar10', 'depth': 18}
0: number of parameters: 175258
0: /scratch/mg6827/envs_dirs/idl/lib/python3.8/site-packages/torch/utils/data/dataloader.py:478: UserWarning: This DataLoader will create 8 worker processes in total. Our suggested max number of worker in current system is 4, which is smaller than what this DataLoader is going to create. Please be aware that excessive worker creation might get DataLoader running slow or even freeze, lower the worker number to avoid potential slowness/freeze if necessary.
0:   warnings.warn(_create_warning_msg(
0: optimization regime: [{'epoch': 0, 'optimizer': 'SGD', 'lr': 0.1, 'momentum': 0.9, 'regularizer': {'name': 'WeightDecay', 'value': 0.0001, 'log': False, 'filter': {'parameter_name': <function weight_decay_config.<locals>.<lambda> at 0x1530ef549b80>, 'module': <function weight_decay_config.<locals>.<lambda> at 0x1530ef549c10>}}}, {'epoch': 81, 'lr': 0.01}, {'epoch': 122, 'lr': 0.001}, {'epoch': 164, 'lr': 0.0001}]
0: data regime: Current: {'datasets_path': '~/Datasets', 'name': 'cifar10', 'split': 'train', 'augment': True, 'input_size': None, 'batch_size': 64, 'shuffle': True, 'num_workers': 8, 'pin_memory': True, 'drop_last': True, 'distributed': False, 'duplicates': 1, 'autoaugment': False, 'cutout': None}
0:  Regime:None
0: 
0: Starting Epoch: 1
0: 
0: Files already downloaded and verified
0: Files already downloaded and verified
0: TRAINING - Epoch: [0][0/781]	Time 1.560 (1.560)	Data 1.450 (1.450)	Loss 2.3020 (2.3020)	Prec@1 3.125 (3.125)	Prec@5 53.125 (53.125)	
0: TRAINING - Epoch: [0][10/781]	Time 0.007 (0.150)	Data 0.000 (0.132)	Loss 2.2392 (2.2925)	Prec@1 17.188 (9.233)	Prec@5 57.812 (55.540)	
0: TRAINING - Epoch: [0][20/781]	Time 0.007 (0.083)	Data 0.000 (0.069)	Loss 2.1132 (2.2319)	Prec@1 17.188 (14.360)	Prec@5 62.500 (60.565)	
0: TRAINING - Epoch: [0][30/781]	Time 0.007 (0.058)	Data 0.000 (0.047)	Loss 2.0568 (2.1854)	Prec@1 29.688 (16.935)	Prec@5 79.688 (65.877)	
0: TRAINING - Epoch: [0][40/781]	Time 0.006 (0.047)	Data 0.000 (0.035)	Loss 2.0229 (2.1599)	Prec@1 21.875 (18.521)	Prec@5 76.562 (68.559)	
0: TRAINING - Epoch: [0][50/781]	Time 0.007 (0.039)	Data 0.000 (0.029)	Loss 2.0963 (2.1332)	Prec@1 20.312 (19.332)	Prec@5 67.188 (70.404)	
0: TRAINING - Epoch: [0][60/781]	Time 0.006 (0.034)	Data 0.000 (0.024)	Loss 1.9368 (2.1194)	Prec@1 26.562 (19.903)	Prec@5 79.688 (71.235)	
0: TRAINING - Epoch: [0][70/781]	Time 0.007 (0.031)	Data 0.000 (0.021)	Loss 2.0616 (2.1036)	Prec@1 21.875 (20.687)	Prec@5 78.125 (72.359)	
0: TRAINING - Epoch: [0][80/781]	Time 0.008 (0.028)	Data 0.000 (0.018)	Loss 2.1662 (2.0880)	Prec@1 21.875 (21.258)	Prec@5 62.500 (73.110)	
0: TRAINING - Epoch: [0][90/781]	Time 0.006 (0.026)	Data 0.000 (0.016)	Loss 2.0401 (2.0675)	Prec@1 20.312 (21.635)	Prec@5 81.250 (74.348)	
0: TRAINING - Epoch: [0][100/781]	Time 0.006 (0.024)	Data 0.000 (0.015)	Loss 1.8960 (2.0514)	Prec@1 28.125 (22.277)	Prec@5 79.688 (75.278)	
0: TRAINING - Epoch: [0][110/781]	Time 0.006 (0.023)	Data 0.000 (0.013)	Loss 1.8893 (2.0349)	Prec@1 25.000 (22.494)	Prec@5 79.688 (75.901)	
0: TRAINING - Epoch: [0][120/781]	Time 0.006 (0.021)	Data 0.000 (0.012)	Loss 1.9478 (2.0239)	Prec@1 26.562 (22.934)	Prec@5 84.375 (76.498)	
0: TRAINING - Epoch: [0][130/781]	Time 0.013 (0.020)	Data 0.000 (0.011)	Loss 1.9178 (2.0072)	Prec@1 23.438 (23.390)	Prec@5 82.812 (77.230)	
0: TRAINING - Epoch: [0][140/781]	Time 0.007 (0.020)	Data 0.000 (0.010)	Loss 1.8778 (1.9963)	Prec@1 29.688 (23.737)	Prec@5 81.250 (77.715)	
0: TRAINING - Epoch: [0][150/781]	Time 0.006 (0.019)	Data 0.000 (0.010)	Loss 1.6303 (1.9873)	Prec@1 35.938 (24.027)	Prec@5 93.750 (78.115)	
0: TRAINING - Epoch: [0][160/781]	Time 0.006 (0.018)	Data 0.000 (0.009)	Loss 1.7227 (1.9792)	Prec@1 32.812 (24.214)	Prec@5 87.500 (78.484)	
0: TRAINING - Epoch: [0][170/781]	Time 0.007 (0.017)	Data 0.000 (0.009)	Loss 1.7459 (1.9731)	Prec@1 34.375 (24.351)	Prec@5 87.500 (78.893)	
0: TRAINING - Epoch: [0][180/781]	Time 0.006 (0.017)	Data 0.000 (0.008)	Loss 1.7659 (1.9657)	Prec@1 28.125 (24.422)	Prec@5 84.375 (79.170)	
0: TRAINING - Epoch: [0][190/781]	Time 0.013 (0.016)	Data 0.006 (0.008)	Loss 1.8315 (1.9569)	Prec@1 31.250 (24.689)	Prec@5 84.375 (79.622)	
0: TRAINING - Epoch: [0][200/781]	Time 0.006 (0.016)	Data 0.000 (0.007)	Loss 1.7484 (1.9488)	Prec@1 23.438 (24.946)	Prec@5 89.062 (79.936)	
0: TRAINING - Epoch: [0][210/781]	Time 0.009 (0.015)	Data 0.000 (0.007)	Loss 1.8534 (1.9407)	Prec@1 17.188 (25.156)	Prec@5 84.375 (80.347)	
0: TRAINING - Epoch: [0][220/781]	Time 0.007 (0.015)	Data 0.000 (0.007)	Loss 1.7392 (1.9326)	Prec@1 32.812 (25.354)	Prec@5 87.500 (80.684)	
0: TRAINING - Epoch: [0][230/781]	Time 0.006 (0.015)	Data 0.000 (0.006)	Loss 1.6758 (1.9239)	Prec@1 34.375 (25.602)	Prec@5 89.062 (81.020)	
0: TRAINING - Epoch: [0][240/781]	Time 0.008 (0.014)	Data 0.000 (0.006)	Loss 1.8009 (1.9176)	Prec@1 26.562 (25.823)	Prec@5 89.062 (81.256)	
0: TRAINING - Epoch: [0][250/781]	Time 0.009 (0.014)	Data 0.000 (0.006)	Loss 1.6501 (1.9098)	Prec@1 31.250 (26.015)	Prec@5 92.188 (81.474)	
0: TRAINING - Epoch: [0][260/781]	Time 0.006 (0.014)	Data 0.000 (0.006)	Loss 1.7010 (1.9038)	Prec@1 28.125 (26.191)	Prec@5 89.062 (81.765)	
0: TRAINING - Epoch: [0][270/781]	Time 0.006 (0.014)	Data 0.000 (0.006)	Loss 1.5178 (1.8983)	Prec@1 45.312 (26.499)	Prec@5 90.625 (81.959)	
0: TRAINING - Epoch: [0][280/781]	Time 0.006 (0.013)	Data 0.000 (0.005)	Loss 1.7791 (1.8939)	Prec@1 23.438 (26.657)	Prec@5 92.188 (82.218)	
0: TRAINING - Epoch: [0][290/781]	Time 0.007 (0.013)	Data 0.000 (0.005)	Loss 1.5424 (1.8878)	Prec@1 43.750 (26.917)	Prec@5 90.625 (82.399)	
0: TRAINING - Epoch: [0][300/781]	Time 0.007 (0.013)	Data 0.000 (0.005)	Loss 1.7253 (1.8819)	Prec@1 37.500 (27.087)	Prec@5 90.625 (82.620)	
0: TRAINING - Epoch: [0][310/781]	Time 0.012 (0.013)	Data 0.000 (0.005)	Loss 1.7391 (1.8754)	Prec@1 39.062 (27.251)	Prec@5 92.188 (82.873)	
0: TRAINING - Epoch: [0][320/781]	Time 0.011 (0.013)	Data 0.000 (0.005)	Loss 1.5917 (1.8705)	Prec@1 37.500 (27.419)	Prec@5 93.750 (83.070)	
0: TRAINING - Epoch: [0][330/781]	Time 0.011 (0.013)	Data 0.000 (0.005)	Loss 1.7029 (1.8671)	Prec@1 40.625 (27.606)	Prec@5 89.062 (83.181)	
0: TRAINING - Epoch: [0][340/781]	Time 0.007 (0.012)	Data 0.000 (0.004)	Loss 1.9055 (1.8613)	Prec@1 29.688 (27.791)	Prec@5 79.688 (83.362)	
0: TRAINING - Epoch: [0][350/781]	Time 0.007 (0.012)	Data 0.000 (0.004)	Loss 1.5839 (1.8568)	Prec@1 29.688 (28.009)	Prec@5 93.750 (83.511)	
0: TRAINING - Epoch: [0][360/781]	Time 0.017 (0.012)	Data 0.000 (0.004)	Loss 1.6340 (1.8499)	Prec@1 45.312 (28.294)	Prec@5 90.625 (83.717)	
0: TRAINING - Epoch: [0][370/781]	Time 0.013 (0.012)	Data 0.000 (0.004)	Loss 1.8562 (1.8431)	Prec@1 43.750 (28.677)	Prec@5 85.938 (83.895)	
0: TRAINING - Epoch: [0][380/781]	Time 0.007 (0.012)	Data 0.000 (0.004)	Loss 1.8094 (1.8394)	Prec@1 28.125 (28.802)	Prec@5 79.688 (84.014)	
0: TRAINING - Epoch: [0][390/781]	Time 0.006 (0.012)	Data 0.000 (0.004)	Loss 1.4777 (1.8360)	Prec@1 46.875 (28.996)	Prec@5 96.875 (84.119)	
0: TRAINING - Epoch: [0][400/781]	Time 0.006 (0.012)	Data 0.000 (0.004)	Loss 1.6581 (1.8296)	Prec@1 35.938 (29.236)	Prec@5 87.500 (84.305)	
0: TRAINING - Epoch: [0][410/781]	Time 0.006 (0.012)	Data 0.000 (0.004)	Loss 1.6985 (1.8240)	Prec@1 37.500 (29.444)	Prec@5 92.188 (84.478)	
0: TRAINING - Epoch: [0][420/781]	Time 0.007 (0.012)	Data 0.000 (0.004)	Loss 1.3336 (1.8166)	Prec@1 54.688 (29.743)	Prec@5 98.438 (84.661)	
0: TRAINING - Epoch: [0][430/781]	Time 0.006 (0.011)	Data 0.000 (0.004)	Loss 1.7034 (1.8113)	Prec@1 26.562 (29.952)	Prec@5 92.188 (84.799)	
0: TRAINING - Epoch: [0][440/781]	Time 0.006 (0.011)	Data 0.000 (0.003)	Loss 1.7471 (1.8060)	Prec@1 40.625 (30.233)	Prec@5 87.500 (84.917)	
0: TRAINING - Epoch: [0][450/781]	Time 0.006 (0.011)	Data 0.000 (0.003)	Loss 1.5003 (1.7991)	Prec@1 37.500 (30.540)	Prec@5 96.875 (85.099)	
0: TRAINING - Epoch: [0][460/781]	Time 0.008 (0.011)	Data 0.000 (0.003)	Loss 1.6414 (1.7938)	Prec@1 43.750 (30.816)	Prec@5 92.188 (85.212)	
0: TRAINING - Epoch: [0][470/781]	Time 0.010 (0.011)	Data 0.000 (0.003)	Loss 1.4888 (1.7879)	Prec@1 35.938 (31.048)	Prec@5 95.312 (85.334)	
0: TRAINING - Epoch: [0][480/781]	Time 0.006 (0.011)	Data 0.000 (0.003)	Loss 1.6188 (1.7819)	Prec@1 31.250 (31.292)	Prec@5 92.188 (85.470)	
0: TRAINING - Epoch: [0][490/781]	Time 0.020 (0.011)	Data 0.000 (0.003)	Loss 1.7561 (1.7776)	Prec@1 34.375 (31.517)	Prec@5 90.625 (85.584)	
0: TRAINING - Epoch: [0][500/781]	Time 0.017 (0.011)	Data 0.000 (0.003)	Loss 1.3663 (1.7726)	Prec@1 46.875 (31.727)	Prec@5 96.875 (85.704)	
0: TRAINING - Epoch: [0][510/781]	Time 0.006 (0.011)	Data 0.000 (0.003)	Loss 1.6250 (1.7671)	Prec@1 40.625 (31.984)	Prec@5 87.500 (85.794)	
0: TRAINING - Epoch: [0][520/781]	Time 0.006 (0.011)	Data 0.000 (0.003)	Loss 1.3049 (1.7619)	Prec@1 48.438 (32.186)	Prec@5 95.312 (85.908)	
0: TRAINING - Epoch: [0][530/781]	Time 0.014 (0.011)	Data 0.000 (0.003)	Loss 1.5876 (1.7572)	Prec@1 43.750 (32.424)	Prec@5 87.500 (85.996)	
0: TRAINING - Epoch: [0][540/781]	Time 0.006 (0.011)	Data 0.000 (0.003)	Loss 1.2809 (1.7517)	Prec@1 50.000 (32.677)	Prec@5 96.875 (86.099)	
0: TRAINING - Epoch: [0][550/781]	Time 0.007 (0.011)	Data 0.000 (0.003)	Loss 1.3315 (1.7469)	Prec@1 51.562 (32.934)	Prec@5 89.062 (86.190)	
0: TRAINING - Epoch: [0][560/781]	Time 0.006 (0.011)	Data 0.000 (0.003)	Loss 1.6640 (1.7424)	Prec@1 45.312 (33.127)	Prec@5 89.062 (86.297)	
0: TRAINING - Epoch: [0][570/781]	Time 0.006 (0.011)	Data 0.000 (0.003)	Loss 1.4224 (1.7375)	Prec@1 48.438 (33.302)	Prec@5 89.062 (86.397)	
0: TRAINING - Epoch: [0][580/781]	Time 0.008 (0.011)	Data 0.000 (0.003)	Loss 1.4312 (1.7325)	Prec@1 46.875 (33.485)	Prec@5 93.750 (86.502)	
0: TRAINING - Epoch: [0][590/781]	Time 0.006 (0.011)	Data 0.000 (0.003)	Loss 1.7740 (1.7281)	Prec@1 34.375 (33.696)	Prec@5 92.188 (86.614)	
0: TRAINING - Epoch: [0][600/781]	Time 0.012 (0.011)	Data 0.000 (0.003)	Loss 1.3902 (1.7230)	Prec@1 53.125 (33.894)	Prec@5 90.625 (86.730)	
0: TRAINING - Epoch: [0][610/781]	Time 0.007 (0.011)	Data 0.000 (0.003)	Loss 1.6672 (1.7191)	Prec@1 43.750 (34.089)	Prec@5 89.062 (86.802)	
0: TRAINING - Epoch: [0][620/781]	Time 0.006 (0.011)	Data 0.000 (0.003)	Loss 1.3895 (1.7138)	Prec@1 48.438 (34.325)	Prec@5 95.312 (86.901)	
0: TRAINING - Epoch: [0][630/781]	Time 0.006 (0.011)	Data 0.000 (0.002)	Loss 1.2994 (1.7085)	Prec@1 54.688 (34.576)	Prec@5 92.188 (86.995)	
0: TRAINING - Epoch: [0][640/781]	Time 0.007 (0.011)	Data 0.000 (0.002)	Loss 1.5947 (1.7048)	Prec@1 42.188 (34.738)	Prec@5 87.500 (87.090)	
0: TRAINING - Epoch: [0][650/781]	Time 0.006 (0.010)	Data 0.000 (0.002)	Loss 1.4341 (1.7008)	Prec@1 53.125 (34.925)	Prec@5 93.750 (87.183)	
0: TRAINING - Epoch: [0][660/781]	Time 0.006 (0.010)	Data 0.000 (0.002)	Loss 1.7057 (1.6972)	Prec@1 39.062 (35.101)	Prec@5 82.812 (87.264)	
0: TRAINING - Epoch: [0][670/781]	Time 0.007 (0.010)	Data 0.000 (0.002)	Loss 1.4692 (1.6925)	Prec@1 50.000 (35.265)	Prec@5 89.062 (87.351)	
0: TRAINING - Epoch: [0][680/781]	Time 0.006 (0.010)	Data 0.000 (0.002)	Loss 1.3880 (1.6881)	Prec@1 40.625 (35.446)	Prec@5 93.750 (87.436)	
0: TRAINING - Epoch: [0][690/781]	Time 0.006 (0.011)	Data 0.000 (0.002)	Loss 1.2717 (1.6833)	Prec@1 45.312 (35.637)	Prec@5 96.875 (87.536)	
0: TRAINING - Epoch: [0][700/781]	Time 0.006 (0.010)	Data 0.000 (0.002)	Loss 1.3097 (1.6792)	Prec@1 54.688 (35.839)	Prec@5 93.750 (87.607)	
0: TRAINING - Epoch: [0][710/781]	Time 0.006 (0.010)	Data 0.000 (0.002)	Loss 1.3065 (1.6756)	Prec@1 54.688 (35.981)	Prec@5 95.312 (87.682)	
0: TRAINING - Epoch: [0][720/781]	Time 0.011 (0.010)	Data 0.000 (0.002)	Loss 1.6090 (1.6717)	Prec@1 35.938 (36.163)	Prec@5 95.312 (87.788)	
0: TRAINING - Epoch: [0][730/781]	Time 0.006 (0.010)	Data 0.000 (0.002)	Loss 1.4148 (1.6677)	Prec@1 45.312 (36.322)	Prec@5 89.062 (87.868)	
0: TRAINING - Epoch: [0][740/781]	Time 0.007 (0.010)	Data 0.000 (0.002)	Loss 1.2423 (1.6633)	Prec@1 42.188 (36.479)	Prec@5 96.875 (87.947)	
0: TRAINING - Epoch: [0][750/781]	Time 0.006 (0.010)	Data 0.000 (0.002)	Loss 1.2009 (1.6584)	Prec@1 46.875 (36.680)	Prec@5 96.875 (88.035)	
0: TRAINING - Epoch: [0][760/781]	Time 0.006 (0.010)	Data 0.000 (0.002)	Loss 1.2940 (1.6548)	Prec@1 51.562 (36.866)	Prec@5 93.750 (88.114)	
0: TRAINING - Epoch: [0][770/781]	Time 0.006 (0.010)	Data 0.000 (0.002)	Loss 1.3530 (1.6511)	Prec@1 43.750 (37.024)	Prec@5 93.750 (88.187)	
0: TRAINING - Epoch: [0][780/781]	Time 0.006 (0.010)	Data 0.000 (0.002)	Loss 1.2100 (1.6467)	Prec@1 60.938 (37.232)	Prec@5 92.188 (88.266)	
0: EVALUATING - Epoch: [0][0/157]	Time 0.301 (0.301)	Data 0.287 (0.287)	Loss 1.5185 (1.5185)	Prec@1 43.750 (43.750)	Prec@5 90.625 (90.625)	
0: EVALUATING - Epoch: [0][10/157]	Time 0.002 (0.034)	Data 0.000 (0.030)	Loss 1.6774 (1.5853)	Prec@1 35.938 (43.892)	Prec@5 93.750 (90.909)	
0: EVALUATING - Epoch: [0][20/157]	Time 0.015 (0.021)	Data 0.000 (0.016)	Loss 1.6015 (1.6027)	Prec@1 37.500 (44.494)	Prec@5 90.625 (90.253)	
0: EVALUATING - Epoch: [0][30/157]	Time 0.012 (0.015)	Data 0.000 (0.011)	Loss 1.7766 (1.6204)	Prec@1 39.062 (44.355)	Prec@5 89.062 (90.474)	
0: EVALUATING - Epoch: [0][40/157]	Time 0.002 (0.013)	Data 0.000 (0.008)	Loss 1.7025 (1.6241)	Prec@1 35.938 (44.093)	Prec@5 90.625 (90.511)	
0: EVALUATING - Epoch: [0][50/157]	Time 0.003 (0.011)	Data 0.000 (0.007)	Loss 1.8302 (1.6191)	Prec@1 45.312 (44.669)	Prec@5 93.750 (90.564)	
0: EVALUATING - Epoch: [0][60/157]	Time 0.002 (0.010)	Data 0.000 (0.006)	Loss 1.4048 (1.6235)	Prec@1 54.688 (44.647)	Prec@5 92.188 (90.651)	
0: EVALUATING - Epoch: [0][70/157]	Time 0.002 (0.009)	Data 0.000 (0.005)	Loss 1.7277 (1.6248)	Prec@1 45.312 (44.762)	Prec@5 92.188 (90.691)	
0: EVALUATING - Epoch: [0][80/157]	Time 0.002 (0.008)	Data 0.000 (0.005)	Loss 1.4498 (1.6187)	Prec@1 45.312 (45.023)	Prec@5 92.188 (90.895)	
0: EVALUATING - Epoch: [0][90/157]	Time 0.008 (0.008)	Data 0.000 (0.005)	Loss 1.3996 (1.6232)	Prec@1 43.750 (45.124)	Prec@5 93.750 (90.780)	
0: EVALUATING - Epoch: [0][100/157]	Time 0.003 (0.008)	Data 0.000 (0.004)	Loss 1.5265 (1.6273)	Prec@1 43.750 (45.127)	Prec@5 90.625 (90.640)	
0: EVALUATING - Epoch: [0][110/157]	Time 0.002 (0.007)	Data 0.000 (0.004)	Loss 1.3857 (1.6335)	Prec@1 50.000 (45.115)	Prec@5 95.312 (90.653)	
0: EVALUATING - Epoch: [0][120/157]	Time 0.002 (0.007)	Data 0.000 (0.004)	Loss 1.5197 (1.6342)	Prec@1 56.250 (45.364)	Prec@5 85.938 (90.715)	
0: EVALUATING - Epoch: [0][130/157]	Time 0.005 (0.007)	Data 0.003 (0.004)	Loss 1.7262 (1.6367)	Prec@1 45.312 (45.348)	Prec@5 90.625 (90.792)	
0: EVALUATING - Epoch: [0][140/157]	Time 0.004 (0.007)	Data 0.001 (0.003)	Loss 1.3345 (1.6361)	Prec@1 53.125 (45.257)	Prec@5 96.875 (90.802)	
0: EVALUATING - Epoch: [0][150/157]	Time 0.001 (0.006)	Data 0.000 (0.003)	Loss 1.6831 (1.6312)	Prec@1 50.000 (45.457)	Prec@5 84.375 (90.925)	
0: EVALUATING - Epoch: [0][156/157]	Time 0.014 (0.006)	Data 0.000 (0.003)	Loss 1.5399 (1.6326)	Prec@1 43.750 (45.350)	Prec@5 100.000 (90.930)	
0: 
0: Results - Epoch: 1
0: Training Loss 1.6467 	Training Prec@1 37.232 	Training Prec@5 88.266 	Validation Loss 1.6326 	Validation Prec@1 45.350 	Validation Prec@5 90.930 	
0: 
0: Plot file saved at: /home/mg6827/convNet.pytorch/results/resnet18-test/results.html
0: 
0: Starting Epoch: 2
0: 
0: TRAINING - Epoch: [1][0/781]	Time 0.364 (0.364)	Data 0.347 (0.347)	Loss 1.2540 (1.2540)	Prec@1 51.562 (51.562)	Prec@5 89.062 (89.062)	
0: TRAINING - Epoch: [1][10/781]	Time 0.007 (0.041)	Data 0.000 (0.032)	Loss 1.2444 (1.2875)	Prec@1 46.875 (49.432)	Prec@5 96.875 (95.028)	
0: TRAINING - Epoch: [1][20/781]	Time 0.007 (0.026)	Data 0.000 (0.017)	Loss 1.1263 (1.2842)	Prec@1 60.938 (52.604)	Prec@5 95.312 (94.122)	
0: TRAINING - Epoch: [1][30/781]	Time 0.013 (0.021)	Data 0.000 (0.011)	Loss 1.3731 (1.2995)	Prec@1 50.000 (52.218)	Prec@5 90.625 (94.052)	
0: TRAINING - Epoch: [1][40/781]	Time 0.011 (0.018)	Data 0.000 (0.009)	Loss 1.0312 (1.2927)	Prec@1 53.125 (52.591)	Prec@5 96.875 (94.322)	
0: TRAINING - Epoch: [1][50/781]	Time 0.007 (0.016)	Data 0.000 (0.007)	Loss 1.2563 (1.2940)	Prec@1 45.312 (52.145)	Prec@5 95.312 (94.547)	
0: TRAINING - Epoch: [1][60/781]	Time 0.006 (0.015)	Data 0.000 (0.006)	Loss 1.4703 (1.2995)	Prec@1 50.000 (51.972)	Prec@5 92.188 (94.493)	
0: TRAINING - Epoch: [1][70/781]	Time 0.006 (0.014)	Data 0.000 (0.005)	Loss 1.2103 (1.2977)	Prec@1 60.938 (52.421)	Prec@5 93.750 (94.564)	
0: TRAINING - Epoch: [1][80/781]	Time 0.010 (0.013)	Data 0.000 (0.004)	Loss 1.0826 (1.2991)	Prec@1 59.375 (52.720)	Prec@5 95.312 (94.522)	
0: TRAINING - Epoch: [1][90/781]	Time 0.006 (0.013)	Data 0.000 (0.004)	Loss 1.0950 (1.2908)	Prec@1 62.500 (53.211)	Prec@5 96.875 (94.523)	
0: TRAINING - Epoch: [1][100/781]	Time 0.008 (0.012)	Data 0.000 (0.004)	Loss 1.4969 (1.2941)	Prec@1 53.125 (53.094)	Prec@5 87.500 (94.493)	
0: TRAINING - Epoch: [1][110/781]	Time 0.010 (0.012)	Data 0.000 (0.003)	Loss 1.5872 (1.2959)	Prec@1 37.500 (53.012)	Prec@5 93.750 (94.454)	
0: TRAINING - Epoch: [1][120/781]	Time 0.007 (0.012)	Data 0.000 (0.003)	Loss 1.2304 (1.2917)	Prec@1 53.125 (53.060)	Prec@5 95.312 (94.538)	
0: TRAINING - Epoch: [1][130/781]	Time 0.006 (0.012)	Data 0.000 (0.003)	Loss 1.3662 (1.2867)	Prec@1 50.000 (53.375)	Prec@5 96.875 (94.621)	
0: TRAINING - Epoch: [1][140/781]	Time 0.006 (0.011)	Data 0.000 (0.003)	Loss 1.2966 (1.2818)	Prec@1 57.812 (53.402)	Prec@5 90.625 (94.670)	
0: TRAINING - Epoch: [1][150/781]	Time 0.017 (0.011)	Data 0.000 (0.002)	Loss 1.2839 (1.2784)	Prec@1 56.250 (53.560)	Prec@5 92.188 (94.681)	
0: TRAINING - Epoch: [1][160/781]	Time 0.007 (0.011)	Data 0.000 (0.002)	Loss 0.8742 (1.2728)	Prec@1 70.312 (53.698)	Prec@5 96.875 (94.691)	
0: TRAINING - Epoch: [1][170/781]	Time 0.011 (0.011)	Data 0.000 (0.002)	Loss 1.5387 (1.2717)	Prec@1 45.312 (53.728)	Prec@5 93.750 (94.636)	
0: TRAINING - Epoch: [1][180/781]	Time 0.013 (0.011)	Data 0.000 (0.002)	Loss 1.0301 (1.2633)	Prec@1 67.188 (53.997)	Prec@5 93.750 (94.708)	
0: TRAINING - Epoch: [1][190/781]	Time 0.013 (0.011)	Data 0.000 (0.002)	Loss 1.0590 (1.2550)	Prec@1 60.938 (54.254)	Prec@5 95.312 (94.797)	
0: TRAINING - Epoch: [1][200/781]	Time 0.006 (0.011)	Data 0.000 (0.002)	Loss 1.3233 (1.2532)	Prec@1 48.438 (54.283)	Prec@5 96.875 (94.831)	
0: TRAINING - Epoch: [1][210/781]	Time 0.013 (0.011)	Data 0.000 (0.002)	Loss 0.8591 (1.2484)	Prec@1 75.000 (54.443)	Prec@5 98.438 (94.898)	
0: TRAINING - Epoch: [1][220/781]	Time 0.006 (0.010)	Data 0.000 (0.002)	Loss 1.2166 (1.2496)	Prec@1 62.500 (54.440)	Prec@5 92.188 (94.924)	
0: TRAINING - Epoch: [1][230/781]	Time 0.006 (0.010)	Data 0.000 (0.002)	Loss 1.1923 (1.2483)	Prec@1 54.688 (54.552)	Prec@5 96.875 (94.968)	
0: TRAINING - Epoch: [1][240/781]	Time 0.006 (0.010)	Data 0.000 (0.002)	Loss 1.0410 (1.2443)	Prec@1 60.938 (54.694)	Prec@5 95.312 (94.975)	
0: TRAINING - Epoch: [1][250/781]	Time 0.006 (0.010)	Data 0.000 (0.001)	Loss 1.0785 (1.2410)	Prec@1 59.375 (54.793)	Prec@5 95.312 (94.983)	
0: TRAINING - Epoch: [1][260/781]	Time 0.006 (0.010)	Data 0.000 (0.001)	Loss 1.2275 (1.2373)	Prec@1 54.688 (54.963)	Prec@5 95.312 (94.989)	
0: TRAINING - Epoch: [1][270/781]	Time 0.012 (0.010)	Data 0.000 (0.001)	Loss 1.3279 (1.2372)	Prec@1 53.125 (54.993)	Prec@5 90.625 (94.961)	
0: TRAINING - Epoch: [1][280/781]	Time 0.006 (0.010)	Data 0.000 (0.001)	Loss 1.0197 (1.2328)	Prec@1 65.625 (55.160)	Prec@5 92.188 (95.007)	
0: TRAINING - Epoch: [1][290/781]	Time 0.019 (0.010)	Data 0.000 (0.001)	Loss 1.0977 (1.2313)	Prec@1 62.500 (55.230)	Prec@5 96.875 (94.996)	
0: TRAINING - Epoch: [1][300/781]	Time 0.006 (0.010)	Data 0.000 (0.001)	Loss 1.1801 (1.2310)	Prec@1 56.250 (55.310)	Prec@5 96.875 (94.960)	
0: TRAINING - Epoch: [1][310/781]	Time 0.007 (0.010)	Data 0.000 (0.001)	Loss 1.3175 (1.2274)	Prec@1 56.250 (55.542)	Prec@5 92.188 (94.966)	
0: TRAINING - Epoch: [1][320/781]	Time 0.007 (0.010)	Data 0.000 (0.001)	Loss 1.1665 (1.2257)	Prec@1 59.375 (55.598)	Prec@5 96.875 (94.986)	
0: TRAINING - Epoch: [1][330/781]	Time 0.006 (0.009)	Data 0.000 (0.001)	Loss 1.0802 (1.2243)	Prec@1 71.875 (55.650)	Prec@5 96.875 (94.973)	
0: TRAINING - Epoch: [1][340/781]	Time 0.006 (0.009)	Data 0.000 (0.001)	Loss 1.2092 (1.2196)	Prec@1 54.688 (55.773)	Prec@5 92.188 (95.010)	
0: TRAINING - Epoch: [1][350/781]	Time 0.006 (0.009)	Data 0.000 (0.001)	Loss 0.9902 (1.2155)	Prec@1 64.062 (55.947)	Prec@5 98.438 (95.041)	
0: TRAINING - Epoch: [1][360/781]	Time 0.016 (0.009)	Data 0.000 (0.001)	Loss 0.9785 (1.2120)	Prec@1 70.312 (56.120)	Prec@5 96.875 (95.092)	
0: TRAINING - Epoch: [1][370/781]	Time 0.006 (0.009)	Data 0.000 (0.001)	Loss 1.1442 (1.2091)	Prec@1 60.938 (56.279)	Prec@5 95.312 (95.106)	
0: TRAINING - Epoch: [1][380/781]	Time 0.006 (0.009)	Data 0.000 (0.001)	Loss 0.8909 (1.2059)	Prec@1 67.188 (56.389)	Prec@5 95.312 (95.107)	
0: TRAINING - Epoch: [1][390/781]	Time 0.007 (0.009)	Data 0.000 (0.001)	Loss 1.0872 (1.2027)	Prec@1 57.812 (56.570)	Prec@5 95.312 (95.113)	
0: TRAINING - Epoch: [1][400/781]	Time 0.015 (0.009)	Data 0.000 (0.001)	Loss 1.4149 (1.2000)	Prec@1 48.438 (56.659)	Prec@5 89.062 (95.125)	
0: TRAINING - Epoch: [1][410/781]	Time 0.006 (0.009)	Data 0.000 (0.001)	Loss 1.2225 (1.1957)	Prec@1 59.375 (56.847)	Prec@5 95.312 (95.164)	
0: TRAINING - Epoch: [1][420/781]	Time 0.015 (0.009)	Data 0.000 (0.001)	Loss 1.4977 (1.1942)	Prec@1 45.312 (56.888)	Prec@5 95.312 (95.183)	
0: TRAINING - Epoch: [1][430/781]	Time 0.006 (0.009)	Data 0.000 (0.001)	Loss 1.1565 (1.1921)	Prec@1 67.188 (56.971)	Prec@5 96.875 (95.211)	
0: TRAINING - Epoch: [1][440/781]	Time 0.010 (0.009)	Data 0.000 (0.001)	Loss 1.1178 (1.1908)	Prec@1 56.250 (57.022)	Prec@5 95.312 (95.227)	
0: TRAINING - Epoch: [1][450/781]	Time 0.010 (0.009)	Data 0.000 (0.001)	Loss 1.1412 (1.1888)	Prec@1 62.500 (57.095)	Prec@5 93.750 (95.226)	
0: TRAINING - Epoch: [1][460/781]	Time 0.009 (0.009)	Data 0.000 (0.001)	Loss 1.0921 (1.1877)	Prec@1 62.500 (57.162)	Prec@5 96.875 (95.221)	
0: TRAINING - Epoch: [1][470/781]	Time 0.006 (0.009)	Data 0.000 (0.001)	Loss 0.9760 (1.1868)	Prec@1 60.938 (57.212)	Prec@5 98.438 (95.220)	
0: TRAINING - Epoch: [1][480/781]	Time 0.006 (0.009)	Data 0.000 (0.001)	Loss 1.1962 (1.1853)	Prec@1 57.812 (57.257)	Prec@5 98.438 (95.251)	
0: TRAINING - Epoch: [1][490/781]	Time 0.008 (0.009)	Data 0.000 (0.001)	Loss 1.1116 (1.1834)	Prec@1 57.812 (57.322)	Prec@5 98.438 (95.281)	
0: TRAINING - Epoch: [1][500/781]	Time 0.006 (0.009)	Data 0.000 (0.001)	Loss 0.9954 (1.1808)	Prec@1 62.500 (57.432)	Prec@5 96.875 (95.272)	
0: TRAINING - Epoch: [1][510/781]	Time 0.010 (0.009)	Data 0.000 (0.001)	Loss 1.0814 (1.1786)	Prec@1 59.375 (57.494)	Prec@5 96.875 (95.300)	
0: TRAINING - Epoch: [1][520/781]	Time 0.006 (0.009)	Data 0.000 (0.001)	Loss 0.9995 (1.1761)	Prec@1 70.312 (57.606)	Prec@5 96.875 (95.321)	
0: TRAINING - Epoch: [1][530/781]	Time 0.006 (0.009)	Data 0.000 (0.001)	Loss 1.1334 (1.1736)	Prec@1 64.062 (57.686)	Prec@5 98.438 (95.345)	
0: TRAINING - Epoch: [1][540/781]	Time 0.006 (0.009)	Data 0.000 (0.001)	Loss 1.0714 (1.1722)	Prec@1 60.938 (57.714)	Prec@5 92.188 (95.359)	
0: TRAINING - Epoch: [1][550/781]	Time 0.012 (0.009)	Data 0.000 (0.001)	Loss 0.8294 (1.1709)	Prec@1 67.188 (57.787)	Prec@5 100.000 (95.358)	
0: TRAINING - Epoch: [1][560/781]	Time 0.006 (0.009)	Data 0.000 (0.001)	Loss 1.2788 (1.1702)	Prec@1 54.688 (57.779)	Prec@5 96.875 (95.354)	
0: TRAINING - Epoch: [1][570/781]	Time 0.006 (0.009)	Data 0.000 (0.001)	Loss 0.9750 (1.1677)	Prec@1 62.500 (57.815)	Prec@5 98.438 (95.384)	
0: TRAINING - Epoch: [1][580/781]	Time 0.011 (0.009)	Data 0.000 (0.001)	Loss 0.8050 (1.1657)	Prec@1 68.750 (57.858)	Prec@5 98.438 (95.407)	
0: TRAINING - Epoch: [1][590/781]	Time 0.006 (0.009)	Data 0.000 (0.001)	Loss 0.9334 (1.1645)	Prec@1 70.312 (57.902)	Prec@5 93.750 (95.410)	
0: TRAINING - Epoch: [1][600/781]	Time 0.019 (0.009)	Data 0.000 (0.001)	Loss 1.1565 (1.1643)	Prec@1 60.938 (57.916)	Prec@5 93.750 (95.429)	
0: TRAINING - Epoch: [1][610/781]	Time 0.006 (0.009)	Data 0.000 (0.001)	Loss 1.1535 (1.1628)	Prec@1 57.812 (57.986)	Prec@5 96.875 (95.448)	
0: TRAINING - Epoch: [1][620/781]	Time 0.006 (0.009)	Data 0.000 (0.001)	Loss 1.0423 (1.1622)	Prec@1 71.875 (58.016)	Prec@5 96.875 (95.446)	
0: TRAINING - Epoch: [1][630/781]	Time 0.006 (0.009)	Data 0.000 (0.001)	Loss 1.0833 (1.1599)	Prec@1 64.062 (58.117)	Prec@5 100.000 (95.469)	
0: TRAINING - Epoch: [1][640/781]	Time 0.008 (0.009)	Data 0.000 (0.001)	Loss 1.1089 (1.1577)	Prec@1 60.938 (58.185)	Prec@5 98.438 (95.500)	
0: TRAINING - Epoch: [1][650/781]	Time 0.006 (0.009)	Data 0.000 (0.001)	Loss 1.2753 (1.1562)	Prec@1 57.812 (58.254)	Prec@5 92.188 (95.507)	
0: TRAINING - Epoch: [1][660/781]	Time 0.007 (0.009)	Data 0.000 (0.001)	Loss 1.0264 (1.1539)	Prec@1 64.062 (58.354)	Prec@5 100.000 (95.530)	
0: TRAINING - Epoch: [1][670/781]	Time 0.006 (0.009)	Data 0.000 (0.001)	Loss 0.8136 (1.1530)	Prec@1 68.750 (58.385)	Prec@5 100.000 (95.555)	
0: TRAINING - Epoch: [1][680/781]	Time 0.006 (0.009)	Data 0.000 (0.001)	Loss 0.9859 (1.1508)	Prec@1 68.750 (58.485)	Prec@5 98.438 (95.558)	
0: TRAINING - Epoch: [1][690/781]	Time 0.006 (0.009)	Data 0.000 (0.001)	Loss 1.2712 (1.1500)	Prec@1 54.688 (58.511)	Prec@5 95.312 (95.557)	
0: TRAINING - Epoch: [1][700/781]	Time 0.007 (0.009)	Data 0.000 (0.001)	Loss 1.0314 (1.1490)	Prec@1 62.500 (58.566)	Prec@5 98.438 (95.558)	
0: TRAINING - Epoch: [1][710/781]	Time 0.014 (0.009)	Data 0.000 (0.001)	Loss 1.2201 (1.1468)	Prec@1 56.250 (58.674)	Prec@5 92.188 (95.561)	
0: TRAINING - Epoch: [1][720/781]	Time 0.008 (0.009)	Data 0.000 (0.001)	Loss 1.2890 (1.1455)	Prec@1 54.688 (58.716)	Prec@5 95.312 (95.564)	
0: TRAINING - Epoch: [1][730/781]	Time 0.006 (0.009)	Data 0.000 (0.001)	Loss 0.8279 (1.1427)	Prec@1 65.625 (58.791)	Prec@5 98.438 (95.580)	
0: TRAINING - Epoch: [1][740/781]	Time 0.006 (0.009)	Data 0.000 (0.001)	Loss 1.0077 (1.1400)	Prec@1 62.500 (58.896)	Prec@5 96.875 (95.597)	
0: TRAINING - Epoch: [1][750/781]	Time 0.020 (0.009)	Data 0.000 (0.001)	Loss 1.0174 (1.1372)	Prec@1 57.812 (58.992)	Prec@5 100.000 (95.629)	
0: TRAINING - Epoch: [1][760/781]	Time 0.016 (0.009)	Data 0.000 (0.001)	Loss 1.1400 (1.1355)	Prec@1 62.500 (59.065)	Prec@5 96.875 (95.641)	
0: TRAINING - Epoch: [1][770/781]	Time 0.006 (0.009)	Data 0.000 (0.001)	Loss 0.9772 (1.1341)	Prec@1 62.500 (59.105)	Prec@5 93.750 (95.649)	
0: TRAINING - Epoch: [1][780/781]	Time 0.007 (0.009)	Data 0.000 (0.001)	Loss 0.9314 (1.1326)	Prec@1 64.062 (59.139)	Prec@5 96.875 (95.673)	
0: EVALUATING - Epoch: [1][0/157]	Time 0.330 (0.330)	Data 0.326 (0.326)	Loss 1.1677 (1.1677)	Prec@1 59.375 (59.375)	Prec@5 96.875 (96.875)	
0: EVALUATING - Epoch: [1][10/157]	Time 0.002 (0.034)	Data 0.000 (0.032)	Loss 1.1623 (1.0741)	Prec@1 51.562 (62.074)	Prec@5 96.875 (97.017)	
0: EVALUATING - Epoch: [1][20/157]	Time 0.002 (0.019)	Data 0.000 (0.017)	Loss 1.0782 (1.0714)	Prec@1 59.375 (62.574)	Prec@5 98.438 (97.321)	
0: EVALUATING - Epoch: [1][30/157]	Time 0.009 (0.015)	Data 0.001 (0.012)	Loss 1.1269 (1.0702)	Prec@1 62.500 (63.105)	Prec@5 98.438 (96.976)	
0: EVALUATING - Epoch: [1][40/157]	Time 0.002 (0.012)	Data 0.000 (0.010)	Loss 1.0540 (1.0947)	Prec@1 56.250 (62.195)	Prec@5 95.312 (96.837)	
0: EVALUATING - Epoch: [1][50/157]	Time 0.008 (0.011)	Data 0.000 (0.008)	Loss 1.0296 (1.0950)	Prec@1 57.812 (62.224)	Prec@5 95.312 (96.844)	
0: EVALUATING - Epoch: [1][60/157]	Time 0.002 (0.010)	Data 0.000 (0.007)	Loss 0.8994 (1.1018)	Prec@1 65.625 (62.065)	Prec@5 100.000 (96.747)	
0: EVALUATING - Epoch: [1][70/157]	Time 0.002 (0.009)	Data 0.000 (0.006)	Loss 1.0589 (1.0927)	Prec@1 59.375 (62.214)	Prec@5 95.312 (96.809)	
0: EVALUATING - Epoch: [1][80/157]	Time 0.002 (0.008)	Data 0.000 (0.005)	Loss 1.0707 (1.0820)	Prec@1 59.375 (62.596)	Prec@5 96.875 (96.701)	
0: EVALUATING - Epoch: [1][90/157]	Time 0.010 (0.008)	Data 0.008 (0.005)	Loss 1.2329 (1.0908)	Prec@1 54.688 (62.208)	Prec@5 98.438 (96.686)	
0: EVALUATING - Epoch: [1][100/157]	Time 0.002 (0.008)	Data 0.000 (0.005)	Loss 1.2583 (1.0939)	Prec@1 57.812 (62.005)	Prec@5 100.000 (96.720)	
0: EVALUATING - Epoch: [1][110/157]	Time 0.007 (0.007)	Data 0.000 (0.004)	Loss 0.8981 (1.1000)	Prec@1 65.625 (61.824)	Prec@5 100.000 (96.805)	
0: EVALUATING - Epoch: [1][120/157]	Time 0.007 (0.007)	Data 0.000 (0.004)	Loss 0.8994 (1.0955)	Prec@1 67.188 (61.971)	Prec@5 96.875 (96.810)	
0: EVALUATING - Epoch: [1][130/157]	Time 0.002 (0.007)	Data 0.000 (0.004)	Loss 1.1964 (1.1003)	Prec@1 60.938 (61.844)	Prec@5 93.750 (96.792)	
0: EVALUATING - Epoch: [1][140/157]	Time 0.002 (0.007)	Data 0.000 (0.004)	Loss 0.9309 (1.1008)	Prec@1 70.312 (61.758)	Prec@5 98.438 (96.853)	
0: EVALUATING - Epoch: [1][150/157]	Time 0.002 (0.006)	Data 0.000 (0.003)	Loss 0.9379 (1.0941)	Prec@1 67.188 (61.952)	Prec@5 96.875 (96.854)	
0: EVALUATING - Epoch: [1][156/157]	Time 0.001 (0.006)	Data 0.000 (0.003)	Loss 1.0254 (1.0947)	Prec@1 50.000 (61.830)	Prec@5 100.000 (96.870)	
0: 
0: Results - Epoch: 2
0: Training Loss 1.1326 	Training Prec@1 59.139 	Training Prec@5 95.673 	Validation Loss 1.0947 	Validation Prec@1 61.830 	Validation Prec@5 96.870 	
0: 
0: 
0: Starting Epoch: 3
0: 
0: TRAINING - Epoch: [2][0/781]	Time 0.338 (0.338)	Data 0.320 (0.320)	Loss 0.9973 (0.9973)	Prec@1 65.625 (65.625)	Prec@5 96.875 (96.875)	
0: TRAINING - Epoch: [2][10/781]	Time 0.006 (0.040)	Data 0.000 (0.030)	Loss 0.9651 (1.0164)	Prec@1 65.625 (62.358)	Prec@5 98.438 (97.869)	
0: TRAINING - Epoch: [2][20/781]	Time 0.007 (0.025)	Data 0.000 (0.016)	Loss 0.9213 (1.0537)	Prec@1 62.500 (61.012)	Prec@5 100.000 (97.321)	
0: TRAINING - Epoch: [2][30/781]	Time 0.016 (0.021)	Data 0.000 (0.011)	Loss 0.9494 (1.0741)	Prec@1 67.188 (60.534)	Prec@5 98.438 (96.976)	
0: TRAINING - Epoch: [2][40/781]	Time 0.007 (0.018)	Data 0.000 (0.008)	Loss 1.3119 (1.0512)	Prec@1 56.250 (62.348)	Prec@5 90.625 (96.913)	
0: TRAINING - Epoch: [2][50/781]	Time 0.007 (0.016)	Data 0.000 (0.007)	Loss 0.9551 (1.0390)	Prec@1 62.500 (62.684)	Prec@5 96.875 (96.752)	
0: TRAINING - Epoch: [2][60/781]	Time 0.006 (0.015)	Data 0.000 (0.006)	Loss 0.7588 (1.0275)	Prec@1 78.125 (63.140)	Prec@5 96.875 (96.824)	
0: TRAINING - Epoch: [2][70/781]	Time 0.006 (0.014)	Data 0.000 (0.005)	Loss 0.9050 (1.0344)	Prec@1 70.312 (63.138)	Prec@5 100.000 (96.853)	
0: TRAINING - Epoch: [2][80/781]	Time 0.007 (0.013)	Data 0.000 (0.004)	Loss 1.0781 (1.0216)	Prec@1 56.250 (63.484)	Prec@5 100.000 (96.952)	
0: TRAINING - Epoch: [2][90/781]	Time 0.006 (0.013)	Data 0.000 (0.004)	Loss 0.7368 (1.0210)	Prec@1 70.312 (63.702)	Prec@5 100.000 (96.789)	
0: TRAINING - Epoch: [2][100/781]	Time 0.009 (0.012)	Data 0.000 (0.003)	Loss 1.1450 (1.0205)	Prec@1 62.500 (63.676)	Prec@5 95.312 (96.767)	
0: TRAINING - Epoch: [2][110/781]	Time 0.007 (0.012)	Data 0.000 (0.003)	Loss 0.9493 (1.0259)	Prec@1 64.062 (63.316)	Prec@5 95.312 (96.678)	
0: TRAINING - Epoch: [2][120/781]	Time 0.006 (0.012)	Data 0.000 (0.003)	Loss 1.1129 (1.0239)	Prec@1 62.500 (63.197)	Prec@5 96.875 (96.746)	
0: TRAINING - Epoch: [2][130/781]	Time 0.018 (0.012)	Data 0.000 (0.003)	Loss 0.9237 (1.0193)	Prec@1 71.875 (63.323)	Prec@5 98.438 (96.720)	
0: TRAINING - Epoch: [2][140/781]	Time 0.006 (0.011)	Data 0.000 (0.002)	Loss 0.7184 (1.0135)	Prec@1 75.000 (63.409)	Prec@5 100.000 (96.842)	
0: TRAINING - Epoch: [2][150/781]	Time 0.008 (0.011)	Data 0.000 (0.002)	Loss 0.9091 (1.0124)	Prec@1 68.750 (63.369)	Prec@5 98.438 (96.875)	
0: TRAINING - Epoch: [2][160/781]	Time 0.006 (0.011)	Data 0.000 (0.002)	Loss 0.8954 (1.0101)	Prec@1 70.312 (63.432)	Prec@5 98.438 (96.875)	
0: TRAINING - Epoch: [2][170/781]	Time 0.006 (0.011)	Data 0.000 (0.002)	Loss 1.0322 (1.0040)	Prec@1 62.500 (63.679)	Prec@5 95.312 (96.930)	
0: TRAINING - Epoch: [2][180/781]	Time 0.006 (0.011)	Data 0.000 (0.002)	Loss 1.2339 (1.0047)	Prec@1 59.375 (63.743)	Prec@5 98.438 (96.918)	
0: TRAINING - Epoch: [2][190/781]	Time 0.006 (0.011)	Data 0.000 (0.002)	Loss 0.8736 (1.0043)	Prec@1 70.312 (63.743)	Prec@5 98.438 (96.932)	
0: TRAINING - Epoch: [2][200/781]	Time 0.007 (0.010)	Data 0.000 (0.002)	Loss 0.8725 (1.0033)	Prec@1 73.438 (63.837)	Prec@5 96.875 (96.914)	
0: TRAINING - Epoch: [2][210/781]	Time 0.007 (0.010)	Data 0.000 (0.002)	Loss 0.9958 (1.0025)	Prec@1 60.938 (63.855)	Prec@5 98.438 (96.905)	
0: TRAINING - Epoch: [2][220/781]	Time 0.016 (0.010)	Data 0.000 (0.002)	Loss 0.8849 (1.0012)	Prec@1 70.312 (63.935)	Prec@5 98.438 (96.889)	
0: TRAINING - Epoch: [2][230/781]	Time 0.009 (0.010)	Data 0.000 (0.002)	Loss 0.7913 (0.9986)	Prec@1 73.438 (64.062)	Prec@5 100.000 (96.868)	
0: TRAINING - Epoch: [2][240/781]	Time 0.006 (0.010)	Data 0.000 (0.002)	Loss 0.9095 (0.9950)	Prec@1 68.750 (64.160)	Prec@5 98.438 (96.907)	
0: TRAINING - Epoch: [2][250/781]	Time 0.007 (0.010)	Data 0.000 (0.001)	Loss 1.0124 (0.9921)	Prec@1 67.188 (64.249)	Prec@5 93.750 (96.925)	
0: TRAINING - Epoch: [2][260/781]	Time 0.007 (0.010)	Data 0.000 (0.001)	Loss 0.8120 (0.9901)	Prec@1 70.312 (64.344)	Prec@5 96.875 (96.905)	
0: TRAINING - Epoch: [2][270/781]	Time 0.020 (0.010)	Data 0.000 (0.001)	Loss 1.1547 (0.9869)	Prec@1 60.938 (64.437)	Prec@5 95.312 (96.892)	
0: TRAINING - Epoch: [2][280/781]	Time 0.011 (0.010)	Data 0.000 (0.001)	Loss 0.9664 (0.9837)	Prec@1 68.750 (64.569)	Prec@5 96.875 (96.925)	
0: TRAINING - Epoch: [2][290/781]	Time 0.008 (0.010)	Data 0.000 (0.001)	Loss 1.1631 (0.9853)	Prec@1 64.062 (64.556)	Prec@5 96.875 (96.902)	
0: TRAINING - Epoch: [2][300/781]	Time 0.006 (0.010)	Data 0.000 (0.001)	Loss 0.7508 (0.9824)	Prec@1 76.562 (64.654)	Prec@5 96.875 (96.906)	
0: TRAINING - Epoch: [2][310/781]	Time 0.007 (0.010)	Data 0.000 (0.001)	Loss 0.9192 (0.9806)	Prec@1 71.875 (64.670)	Prec@5 95.312 (96.940)	
0: TRAINING - Epoch: [2][320/781]	Time 0.006 (0.010)	Data 0.000 (0.001)	Loss 0.9601 (0.9785)	Prec@1 67.188 (64.754)	Prec@5 93.750 (96.953)	
0: TRAINING - Epoch: [2][330/781]	Time 0.018 (0.010)	Data 0.000 (0.001)	Loss 0.9081 (0.9771)	Prec@1 70.312 (64.851)	Prec@5 95.312 (96.955)	
0: TRAINING - Epoch: [2][340/781]	Time 0.007 (0.010)	Data 0.000 (0.001)	Loss 0.8047 (0.9758)	Prec@1 68.750 (64.951)	Prec@5 96.875 (96.953)	
0: TRAINING - Epoch: [2][350/781]	Time 0.007 (0.010)	Data 0.000 (0.001)	Loss 0.9831 (0.9727)	Prec@1 65.625 (65.100)	Prec@5 96.875 (96.977)	
0: TRAINING - Epoch: [2][360/781]	Time 0.006 (0.010)	Data 0.000 (0.001)	Loss 1.0198 (0.9723)	Prec@1 57.812 (65.088)	Prec@5 98.438 (96.970)	
0: TRAINING - Epoch: [2][370/781]	Time 0.008 (0.010)	Data 0.000 (0.001)	Loss 0.9631 (0.9724)	Prec@1 67.188 (65.115)	Prec@5 98.438 (96.989)	
0: TRAINING - Epoch: [2][380/781]	Time 0.006 (0.010)	Data 0.000 (0.001)	Loss 0.7830 (0.9693)	Prec@1 78.125 (65.289)	Prec@5 96.875 (96.986)	
0: TRAINING - Epoch: [2][390/781]	Time 0.007 (0.010)	Data 0.000 (0.001)	Loss 0.8697 (0.9688)	Prec@1 70.312 (65.321)	Prec@5 96.875 (97.003)	
0: TRAINING - Epoch: [2][400/781]	Time 0.006 (0.010)	Data 0.000 (0.001)	Loss 0.9819 (0.9697)	Prec@1 59.375 (65.309)	Prec@5 96.875 (97.035)	
0: TRAINING - Epoch: [2][410/781]	Time 0.013 (0.010)	Data 0.000 (0.001)	Loss 1.0356 (0.9693)	Prec@1 64.062 (65.309)	Prec@5 100.000 (97.042)	
0: TRAINING - Epoch: [2][420/781]	Time 0.007 (0.010)	Data 0.000 (0.001)	Loss 0.8420 (0.9680)	Prec@1 73.438 (65.354)	Prec@5 100.000 (97.049)	
0: TRAINING - Epoch: [2][430/781]	Time 0.006 (0.010)	Data 0.000 (0.001)	Loss 0.8573 (0.9658)	Prec@1 68.750 (65.422)	Prec@5 98.438 (97.064)	
0: TRAINING - Epoch: [2][440/781]	Time 0.006 (0.009)	Data 0.000 (0.001)	Loss 1.1119 (0.9637)	Prec@1 64.062 (65.505)	Prec@5 98.438 (97.073)	
0: TRAINING - Epoch: [2][450/781]	Time 0.006 (0.010)	Data 0.000 (0.001)	Loss 0.6940 (0.9617)	Prec@1 75.000 (65.597)	Prec@5 100.000 (97.079)	
0: TRAINING - Epoch: [2][460/781]	Time 0.007 (0.010)	Data 0.000 (0.001)	Loss 0.7552 (0.9595)	Prec@1 79.688 (65.733)	Prec@5 96.875 (97.099)	
0: TRAINING - Epoch: [2][470/781]	Time 0.007 (0.010)	Data 0.000 (0.001)	Loss 0.8545 (0.9573)	Prec@1 70.312 (65.791)	Prec@5 100.000 (97.107)	
0: TRAINING - Epoch: [2][480/781]	Time 0.017 (0.010)	Data 0.000 (0.001)	Loss 0.8677 (0.9570)	Prec@1 78.125 (65.823)	Prec@5 98.438 (97.122)	
0: TRAINING - Epoch: [2][490/781]	Time 0.006 (0.010)	Data 0.000 (0.001)	Loss 0.7773 (0.9560)	Prec@1 75.000 (65.883)	Prec@5 98.438 (97.117)	
0: TRAINING - Epoch: [2][500/781]	Time 0.019 (0.010)	Data 0.000 (0.001)	Loss 0.7192 (0.9542)	Prec@1 75.000 (65.971)	Prec@5 98.438 (97.134)	
0: TRAINING - Epoch: [2][510/781]	Time 0.011 (0.010)	Data 0.000 (0.001)	Loss 1.2032 (0.9532)	Prec@1 60.938 (66.026)	Prec@5 95.312 (97.147)	
0: TRAINING - Epoch: [2][520/781]	Time 0.007 (0.010)	Data 0.000 (0.001)	Loss 0.8949 (0.9520)	Prec@1 70.312 (66.066)	Prec@5 100.000 (97.172)	
0: TRAINING - Epoch: [2][530/781]	Time 0.007 (0.010)	Data 0.000 (0.001)	Loss 0.7382 (0.9515)	Prec@1 68.750 (66.108)	Prec@5 98.438 (97.166)	
0: TRAINING - Epoch: [2][540/781]	Time 0.007 (0.009)	Data 0.000 (0.001)	Loss 0.7102 (0.9500)	Prec@1 70.312 (66.162)	Prec@5 100.000 (97.172)	
0: TRAINING - Epoch: [2][550/781]	Time 0.012 (0.009)	Data 0.000 (0.001)	Loss 1.0624 (0.9497)	Prec@1 56.250 (66.178)	Prec@5 100.000 (97.164)	
0: TRAINING - Epoch: [2][560/781]	Time 0.007 (0.009)	Data 0.000 (0.001)	Loss 0.9202 (0.9496)	Prec@1 71.875 (66.179)	Prec@5 98.438 (97.165)	
0: TRAINING - Epoch: [2][570/781]	Time 0.006 (0.009)	Data 0.000 (0.001)	Loss 0.9754 (0.9478)	Prec@1 68.750 (66.232)	Prec@5 96.875 (97.190)	
0: TRAINING - Epoch: [2][580/781]	Time 0.016 (0.009)	Data 0.000 (0.001)	Loss 0.7472 (0.9466)	Prec@1 67.188 (66.270)	Prec@5 100.000 (97.206)	
0: TRAINING - Epoch: [2][590/781]	Time 0.012 (0.009)	Data 0.000 (0.001)	Loss 0.6469 (0.9456)	Prec@1 76.562 (66.307)	Prec@5 100.000 (97.213)	
0: TRAINING - Epoch: [2][600/781]	Time 0.006 (0.009)	Data 0.000 (0.001)	Loss 0.7616 (0.9443)	Prec@1 75.000 (66.337)	Prec@5 95.312 (97.226)	
0: TRAINING - Epoch: [2][610/781]	Time 0.012 (0.009)	Data 0.000 (0.001)	Loss 0.7681 (0.9435)	Prec@1 73.438 (66.392)	Prec@5 100.000 (97.248)	
0: TRAINING - Epoch: [2][620/781]	Time 0.006 (0.009)	Data 0.000 (0.001)	Loss 0.8442 (0.9426)	Prec@1 64.062 (66.425)	Prec@5 98.438 (97.255)	
0: TRAINING - Epoch: [2][630/781]	Time 0.006 (0.009)	Data 0.000 (0.001)	Loss 0.8215 (0.9424)	Prec@1 73.438 (66.467)	Prec@5 95.312 (97.239)	
0: TRAINING - Epoch: [2][640/781]	Time 0.006 (0.009)	Data 0.000 (0.001)	Loss 1.1260 (0.9417)	Prec@1 60.938 (66.515)	Prec@5 95.312 (97.228)	
0: TRAINING - Epoch: [2][650/781]	Time 0.007 (0.009)	Data 0.000 (0.001)	Loss 0.8247 (0.9395)	Prec@1 67.188 (66.587)	Prec@5 98.438 (97.252)	
0: TRAINING - Epoch: [2][660/781]	Time 0.012 (0.009)	Data 0.000 (0.001)	Loss 0.9213 (0.9383)	Prec@1 67.188 (66.627)	Prec@5 98.438 (97.256)	
0: TRAINING - Epoch: [2][670/781]	Time 0.007 (0.009)	Data 0.000 (0.001)	Loss 0.9988 (0.9373)	Prec@1 59.375 (66.673)	Prec@5 98.438 (97.262)	
0: TRAINING - Epoch: [2][680/781]	Time 0.006 (0.009)	Data 0.000 (0.001)	Loss 0.8735 (0.9367)	Prec@1 68.750 (66.706)	Prec@5 100.000 (97.263)	
0: TRAINING - Epoch: [2][690/781]	Time 0.012 (0.009)	Data 0.000 (0.001)	Loss 1.0126 (0.9352)	Prec@1 64.062 (66.751)	Prec@5 93.750 (97.266)	
0: TRAINING - Epoch: [2][700/781]	Time 0.007 (0.009)	Data 0.000 (0.001)	Loss 0.7077 (0.9334)	Prec@1 78.125 (66.831)	Prec@5 93.750 (97.274)	
0: TRAINING - Epoch: [2][710/781]	Time 0.007 (0.009)	Data 0.000 (0.001)	Loss 1.0478 (0.9329)	Prec@1 60.938 (66.845)	Prec@5 96.875 (97.282)	
0: TRAINING - Epoch: [2][720/781]	Time 0.008 (0.009)	Data 0.000 (0.001)	Loss 1.1316 (0.9325)	Prec@1 56.250 (66.860)	Prec@5 95.312 (97.289)	
0: TRAINING - Epoch: [2][730/781]	Time 0.006 (0.009)	Data 0.000 (0.001)	Loss 0.6275 (0.9307)	Prec@1 75.000 (66.905)	Prec@5 98.438 (97.300)	
0: TRAINING - Epoch: [2][740/781]	Time 0.006 (0.009)	Data 0.000 (0.001)	Loss 0.8774 (0.9302)	Prec@1 70.312 (66.928)	Prec@5 95.312 (97.301)	
0: TRAINING - Epoch: [2][750/781]	Time 0.011 (0.009)	Data 0.000 (0.001)	Loss 0.8428 (0.9289)	Prec@1 75.000 (66.979)	Prec@5 95.312 (97.304)	
0: TRAINING - Epoch: [2][760/781]	Time 0.006 (0.009)	Data 0.000 (0.001)	Loss 0.7805 (0.9273)	Prec@1 65.625 (67.034)	Prec@5 100.000 (97.318)	
0: TRAINING - Epoch: [2][770/781]	Time 0.006 (0.009)	Data 0.000 (0.001)	Loss 0.7685 (0.9258)	Prec@1 71.875 (67.119)	Prec@5 100.000 (97.333)	
0: TRAINING - Epoch: [2][780/781]	Time 0.006 (0.009)	Data 0.000 (0.001)	Loss 0.8538 (0.9256)	Prec@1 68.750 (67.139)	Prec@5 98.438 (97.343)	
0: EVALUATING - Epoch: [2][0/157]	Time 0.327 (0.327)	Data 0.324 (0.324)	Loss 0.8985 (0.8985)	Prec@1 67.188 (67.188)	Prec@5 100.000 (100.000)	
0: EVALUATING - Epoch: [2][10/157]	Time 0.002 (0.035)	Data 0.000 (0.032)	Loss 0.9996 (0.9402)	Prec@1 65.625 (69.318)	Prec@5 100.000 (98.722)	
0: EVALUATING - Epoch: [2][20/157]	Time 0.002 (0.020)	Data 0.000 (0.017)	Loss 1.0135 (0.9639)	Prec@1 64.062 (68.452)	Prec@5 100.000 (98.438)	
0: EVALUATING - Epoch: [2][30/157]	Time 0.002 (0.015)	Data 0.000 (0.012)	Loss 1.1951 (0.9542)	Prec@1 56.250 (68.750)	Prec@5 95.312 (98.085)	
0: EVALUATING - Epoch: [2][40/157]	Time 0.002 (0.012)	Data 0.000 (0.010)	Loss 1.0969 (0.9781)	Prec@1 59.375 (67.492)	Prec@5 98.438 (97.904)	
0: EVALUATING - Epoch: [2][50/157]	Time 0.008 (0.011)	Data 0.000 (0.009)	Loss 1.0431 (0.9810)	Prec@1 60.938 (67.402)	Prec@5 96.875 (97.794)	
0: EVALUATING - Epoch: [2][60/157]	Time 0.022 (0.010)	Data 0.000 (0.007)	Loss 0.6976 (0.9822)	Prec@1 71.875 (67.085)	Prec@5 100.000 (97.772)	
0: EVALUATING - Epoch: [2][70/157]	Time 0.023 (0.009)	Data 0.000 (0.006)	Loss 0.9451 (0.9664)	Prec@1 67.188 (67.562)	Prec@5 100.000 (97.755)	
0: EVALUATING - Epoch: [2][80/157]	Time 0.002 (0.009)	Data 0.000 (0.006)	Loss 1.0151 (0.9583)	Prec@1 62.500 (67.670)	Prec@5 98.438 (97.724)	
0: EVALUATING - Epoch: [2][90/157]	Time 0.007 (0.008)	Data 0.000 (0.005)	Loss 0.7906 (0.9559)	Prec@1 73.438 (67.668)	Prec@5 100.000 (97.854)	
0: EVALUATING - Epoch: [2][100/157]	Time 0.002 (0.008)	Data 0.000 (0.005)	Loss 0.8685 (0.9518)	Prec@1 73.438 (67.806)	Prec@5 98.438 (97.927)	
0: EVALUATING - Epoch: [2][110/157]	Time 0.003 (0.008)	Data 0.001 (0.004)	Loss 0.6166 (0.9557)	Prec@1 79.688 (67.553)	Prec@5 98.438 (97.846)	
0: EVALUATING - Epoch: [2][120/157]	Time 0.002 (0.007)	Data 0.000 (0.004)	Loss 0.8836 (0.9533)	Prec@1 68.750 (67.652)	Prec@5 96.875 (97.843)	
0: EVALUATING - Epoch: [2][130/157]	Time 0.002 (0.007)	Data 0.000 (0.004)	Loss 1.2302 (0.9538)	Prec@1 60.938 (67.605)	Prec@5 98.438 (97.901)	
0: EVALUATING - Epoch: [2][140/157]	Time 0.002 (0.007)	Data 0.000 (0.004)	Loss 0.9075 (0.9555)	Prec@1 76.562 (67.542)	Prec@5 98.438 (97.872)	
0: EVALUATING - Epoch: [2][150/157]	Time 0.002 (0.007)	Data 0.000 (0.004)	Loss 0.8117 (0.9516)	Prec@1 73.438 (67.622)	Prec@5 98.438 (97.827)	
0: EVALUATING - Epoch: [2][156/157]	Time 0.001 (0.006)	Data 0.000 (0.003)	Loss 0.8452 (0.9525)	Prec@1 68.750 (67.510)	Prec@5 100.000 (97.870)	
0: 
0: Results - Epoch: 3
0: Training Loss 0.9256 	Training Prec@1 67.139 	Training Prec@5 97.343 	Validation Loss 0.9525 	Validation Prec@1 67.510 	Validation Prec@5 97.870 	
0: 
0: 
0: Starting Epoch: 4
0: 
0: TRAINING - Epoch: [3][0/781]	Time 0.338 (0.338)	Data 0.330 (0.330)	Loss 0.8976 (0.8976)	Prec@1 62.500 (62.500)	Prec@5 96.875 (96.875)	
0: TRAINING - Epoch: [3][10/781]	Time 0.006 (0.040)	Data 0.000 (0.030)	Loss 0.7819 (0.7920)	Prec@1 78.125 (73.011)	Prec@5 96.875 (98.011)	
0: TRAINING - Epoch: [3][20/781]	Time 0.007 (0.024)	Data 0.000 (0.016)	Loss 1.3360 (0.7800)	Prec@1 56.250 (73.512)	Prec@5 93.750 (98.065)	
0: TRAINING - Epoch: [3][30/781]	Time 0.006 (0.018)	Data 0.000 (0.011)	Loss 0.7597 (0.7971)	Prec@1 73.438 (72.581)	Prec@5 98.438 (97.681)	
0: TRAINING - Epoch: [3][40/781]	Time 0.006 (0.015)	Data 0.000 (0.008)	Loss 0.6452 (0.7925)	Prec@1 76.562 (72.447)	Prec@5 96.875 (97.790)	
0: TRAINING - Epoch: [3][50/781]	Time 0.013 (0.014)	Data 0.005 (0.007)	Loss 0.8783 (0.8030)	Prec@1 65.625 (72.273)	Prec@5 96.875 (97.794)	
0: TRAINING - Epoch: [3][60/781]	Time 0.006 (0.013)	Data 0.000 (0.006)	Loss 0.9606 (0.8073)	Prec@1 57.812 (72.054)	Prec@5 96.875 (97.592)	
0: TRAINING - Epoch: [3][70/781]	Time 0.006 (0.012)	Data 0.000 (0.005)	Loss 1.0904 (0.8118)	Prec@1 54.688 (72.029)	Prec@5 95.312 (97.601)	
0: TRAINING - Epoch: [3][80/781]	Time 0.014 (0.012)	Data 0.000 (0.004)	Loss 0.7128 (0.8120)	Prec@1 71.875 (72.010)	Prec@5 98.438 (97.666)	
0: TRAINING - Epoch: [3][90/781]	Time 0.006 (0.011)	Data 0.000 (0.004)	Loss 0.7805 (0.8128)	Prec@1 75.000 (72.184)	Prec@5 98.438 (97.648)	
0: TRAINING - Epoch: [3][100/781]	Time 0.007 (0.011)	Data 0.000 (0.003)	Loss 0.8707 (0.8173)	Prec@1 73.438 (72.153)	Prec@5 96.875 (97.618)	
0: TRAINING - Epoch: [3][110/781]	Time 0.006 (0.011)	Data 0.000 (0.003)	Loss 0.8215 (0.8164)	Prec@1 71.875 (72.086)	Prec@5 95.312 (97.649)	
0: TRAINING - Epoch: [3][120/781]	Time 0.010 (0.011)	Data 0.000 (0.003)	Loss 1.1421 (0.8209)	Prec@1 59.375 (71.991)	Prec@5 96.875 (97.572)	
0: TRAINING - Epoch: [3][130/781]	Time 0.007 (0.011)	Data 0.000 (0.003)	Loss 0.7727 (0.8174)	Prec@1 73.438 (72.102)	Prec@5 100.000 (97.650)	
0: TRAINING - Epoch: [3][140/781]	Time 0.013 (0.010)	Data 0.000 (0.002)	Loss 0.8991 (0.8140)	Prec@1 64.062 (72.196)	Prec@5 98.438 (97.695)	
0: TRAINING - Epoch: [3][150/781]	Time 0.006 (0.010)	Data 0.000 (0.002)	Loss 0.7584 (0.8118)	Prec@1 70.312 (72.196)	Prec@5 100.000 (97.692)	
0: TRAINING - Epoch: [3][160/781]	Time 0.006 (0.010)	Data 0.000 (0.002)	Loss 0.6506 (0.8125)	Prec@1 79.688 (72.108)	Prec@5 100.000 (97.700)	
0: TRAINING - Epoch: [3][170/781]	Time 0.006 (0.010)	Data 0.000 (0.002)	Loss 0.7428 (0.8145)	Prec@1 81.250 (72.140)	Prec@5 100.000 (97.725)	
0: TRAINING - Epoch: [3][180/781]	Time 0.012 (0.010)	Data 0.000 (0.002)	Loss 0.7502 (0.8183)	Prec@1 71.875 (71.996)	Prec@5 100.000 (97.730)	
0: TRAINING - Epoch: [3][190/781]	Time 0.014 (0.010)	Data 0.000 (0.002)	Loss 0.9200 (0.8182)	Prec@1 64.062 (72.014)	Prec@5 98.438 (97.791)	
0: TRAINING - Epoch: [3][200/781]	Time 0.006 (0.010)	Data 0.000 (0.002)	Loss 0.6742 (0.8167)	Prec@1 78.125 (72.062)	Prec@5 98.438 (97.808)	
0: TRAINING - Epoch: [3][210/781]	Time 0.012 (0.010)	Data 0.000 (0.002)	Loss 0.6326 (0.8155)	Prec@1 76.562 (72.068)	Prec@5 100.000 (97.852)	
0: TRAINING - Epoch: [3][220/781]	Time 0.012 (0.010)	Data 0.000 (0.002)	Loss 1.0078 (0.8159)	Prec@1 60.938 (71.967)	Prec@5 100.000 (97.865)	
0: TRAINING - Epoch: [3][230/781]	Time 0.010 (0.010)	Data 0.000 (0.002)	Loss 0.9678 (0.8174)	Prec@1 68.750 (71.909)	Prec@5 96.875 (97.869)	
0: TRAINING - Epoch: [3][240/781]	Time 0.006 (0.010)	Data 0.000 (0.002)	Loss 0.8352 (0.8153)	Prec@1 67.188 (71.966)	Prec@5 96.875 (97.854)	
0: TRAINING - Epoch: [3][250/781]	Time 0.012 (0.010)	Data 0.000 (0.001)	Loss 0.5474 (0.8155)	Prec@1 78.125 (71.950)	Prec@5 100.000 (97.865)	
0: TRAINING - Epoch: [3][260/781]	Time 0.007 (0.010)	Data 0.000 (0.001)	Loss 0.6724 (0.8131)	Prec@1 79.688 (72.019)	Prec@5 95.312 (97.851)	
0: TRAINING - Epoch: [3][270/781]	Time 0.017 (0.010)	Data 0.000 (0.001)	Loss 1.2783 (0.8142)	Prec@1 57.812 (72.031)	Prec@5 95.312 (97.826)	
0: TRAINING - Epoch: [3][280/781]	Time 0.016 (0.010)	Data 0.000 (0.001)	Loss 0.6495 (0.8118)	Prec@1 79.688 (72.120)	Prec@5 100.000 (97.826)	
0: TRAINING - Epoch: [3][290/781]	Time 0.006 (0.010)	Data 0.000 (0.001)	Loss 1.1461 (0.8145)	Prec@1 56.250 (72.015)	Prec@5 96.875 (97.831)	
0: TRAINING - Epoch: [3][300/781]	Time 0.006 (0.009)	Data 0.000 (0.001)	Loss 0.5912 (0.8149)	Prec@1 76.562 (72.015)	Prec@5 100.000 (97.841)	
0: TRAINING - Epoch: [3][310/781]	Time 0.012 (0.009)	Data 0.000 (0.001)	Loss 0.9016 (0.8125)	Prec@1 67.188 (72.086)	Prec@5 98.438 (97.865)	
0: TRAINING - Epoch: [3][320/781]	Time 0.009 (0.009)	Data 0.000 (0.001)	Loss 0.8803 (0.8123)	Prec@1 65.625 (72.021)	Prec@5 98.438 (97.873)	
0: TRAINING - Epoch: [3][330/781]	Time 0.006 (0.009)	Data 0.000 (0.001)	Loss 0.7743 (0.8118)	Prec@1 76.562 (72.040)	Prec@5 96.875 (97.871)	
0: TRAINING - Epoch: [3][340/781]	Time 0.006 (0.009)	Data 0.000 (0.001)	Loss 0.7105 (0.8114)	Prec@1 68.750 (72.003)	Prec@5 100.000 (97.883)	
0: TRAINING - Epoch: [3][350/781]	Time 0.019 (0.009)	Data 0.000 (0.001)	Loss 0.8060 (0.8105)	Prec@1 71.875 (72.040)	Prec@5 100.000 (97.894)	
0: TRAINING - Epoch: [3][360/781]	Time 0.006 (0.009)	Data 0.000 (0.001)	Loss 0.6883 (0.8078)	Prec@1 79.688 (72.130)	Prec@5 98.438 (97.896)	
0: TRAINING - Epoch: [3][370/781]	Time 0.014 (0.010)	Data 0.005 (0.001)	Loss 0.6725 (0.8064)	Prec@1 75.000 (72.145)	Prec@5 98.438 (97.898)	
0: TRAINING - Epoch: [3][380/781]	Time 0.019 (0.010)	Data 0.000 (0.001)	Loss 0.8321 (0.8048)	Prec@1 70.312 (72.183)	Prec@5 98.438 (97.913)	
0: TRAINING - Epoch: [3][390/781]	Time 0.008 (0.009)	Data 0.000 (0.001)	Loss 0.7783 (0.8034)	Prec@1 76.562 (72.223)	Prec@5 95.312 (97.910)	
0: TRAINING - Epoch: [3][400/781]	Time 0.014 (0.010)	Data 0.000 (0.001)	Loss 0.7786 (0.8030)	Prec@1 70.312 (72.269)	Prec@5 98.438 (97.904)	
0: TRAINING - Epoch: [3][410/781]	Time 0.007 (0.009)	Data 0.000 (0.001)	Loss 0.7019 (0.8027)	Prec@1 75.000 (72.255)	Prec@5 96.875 (97.905)	
0: TRAINING - Epoch: [3][420/781]	Time 0.006 (0.009)	Data 0.000 (0.001)	Loss 0.6380 (0.8024)	Prec@1 89.062 (72.283)	Prec@5 98.438 (97.907)	
0: TRAINING - Epoch: [3][430/781]	Time 0.007 (0.009)	Data 0.000 (0.001)	Loss 1.0617 (0.8025)	Prec@1 60.938 (72.310)	Prec@5 96.875 (97.901)	
0: TRAINING - Epoch: [3][440/781]	Time 0.006 (0.009)	Data 0.000 (0.001)	Loss 0.6211 (0.8019)	Prec@1 78.125 (72.290)	Prec@5 100.000 (97.910)	
0: TRAINING - Epoch: [3][450/781]	Time 0.022 (0.009)	Data 0.000 (0.001)	Loss 0.7755 (0.8023)	Prec@1 70.312 (72.256)	Prec@5 100.000 (97.907)	
0: TRAINING - Epoch: [3][460/781]	Time 0.013 (0.009)	Data 0.000 (0.001)	Loss 0.9371 (0.8024)	Prec@1 59.375 (72.258)	Prec@5 98.438 (97.905)	
0: TRAINING - Epoch: [3][470/781]	Time 0.006 (0.009)	Data 0.000 (0.001)	Loss 0.6420 (0.8003)	Prec@1 78.125 (72.353)	Prec@5 100.000 (97.920)	
0: TRAINING - Epoch: [3][480/781]	Time 0.007 (0.009)	Data 0.000 (0.001)	Loss 0.7581 (0.7986)	Prec@1 73.438 (72.398)	Prec@5 98.438 (97.931)	
0: TRAINING - Epoch: [3][490/781]	Time 0.006 (0.009)	Data 0.000 (0.001)	Loss 0.8335 (0.7981)	Prec@1 70.312 (72.413)	Prec@5 95.312 (97.932)	
0: TRAINING - Epoch: [3][500/781]	Time 0.006 (0.009)	Data 0.000 (0.001)	Loss 0.6806 (0.7993)	Prec@1 78.125 (72.390)	Prec@5 98.438 (97.920)	
0: TRAINING - Epoch: [3][510/781]	Time 0.008 (0.009)	Data 0.000 (0.001)	Loss 0.7506 (0.7990)	Prec@1 71.875 (72.361)	Prec@5 100.000 (97.933)	
0: TRAINING - Epoch: [3][520/781]	Time 0.006 (0.009)	Data 0.000 (0.001)	Loss 1.0037 (0.7995)	Prec@1 59.375 (72.316)	Prec@5 95.312 (97.940)	
0: TRAINING - Epoch: [3][530/781]	Time 0.020 (0.009)	Data 0.000 (0.001)	Loss 0.8189 (0.7981)	Prec@1 68.750 (72.340)	Prec@5 98.438 (97.928)	
0: TRAINING - Epoch: [3][540/781]	Time 0.007 (0.009)	Data 0.000 (0.001)	Loss 0.6480 (0.7976)	Prec@1 71.875 (72.346)	Prec@5 98.438 (97.932)	
0: TRAINING - Epoch: [3][550/781]	Time 0.006 (0.009)	Data 0.000 (0.001)	Loss 0.6530 (0.7970)	Prec@1 76.562 (72.383)	Prec@5 100.000 (97.953)	
0: TRAINING - Epoch: [3][560/781]	Time 0.009 (0.009)	Data 0.000 (0.001)	Loss 0.9875 (0.7980)	Prec@1 62.500 (72.323)	Prec@5 100.000 (97.956)	
0: TRAINING - Epoch: [3][570/781]	Time 0.014 (0.009)	Data 0.000 (0.001)	Loss 0.7164 (0.7982)	Prec@1 76.562 (72.318)	Prec@5 100.000 (97.967)	
0: TRAINING - Epoch: [3][580/781]	Time 0.007 (0.009)	Data 0.000 (0.001)	Loss 0.8081 (0.7972)	Prec@1 65.625 (72.327)	Prec@5 100.000 (97.975)	
0: TRAINING - Epoch: [3][590/781]	Time 0.014 (0.009)	Data 0.000 (0.001)	Loss 0.7855 (0.7964)	Prec@1 70.312 (72.311)	Prec@5 98.438 (97.983)	
0: TRAINING - Epoch: [3][600/781]	Time 0.006 (0.009)	Data 0.000 (0.001)	Loss 0.8768 (0.7956)	Prec@1 68.750 (72.322)	Prec@5 95.312 (97.988)	
0: TRAINING - Epoch: [3][610/781]	Time 0.016 (0.009)	Data 0.000 (0.001)	Loss 0.7281 (0.7951)	Prec@1 71.875 (72.317)	Prec@5 98.438 (97.977)	
0: TRAINING - Epoch: [3][620/781]	Time 0.007 (0.009)	Data 0.000 (0.001)	Loss 0.9694 (0.7936)	Prec@1 65.625 (72.376)	Prec@5 100.000 (97.997)	
0: TRAINING - Epoch: [3][630/781]	Time 0.006 (0.009)	Data 0.000 (0.001)	Loss 0.9176 (0.7920)	Prec@1 73.438 (72.452)	Prec@5 95.312 (98.004)	
0: TRAINING - Epoch: [3][640/781]	Time 0.007 (0.009)	Data 0.000 (0.001)	Loss 0.6535 (0.7909)	Prec@1 78.125 (72.501)	Prec@5 100.000 (98.013)	
0: TRAINING - Epoch: [3][650/781]	Time 0.016 (0.009)	Data 0.000 (0.001)	Loss 0.5706 (0.7894)	Prec@1 82.812 (72.554)	Prec@5 98.438 (98.017)	
0: TRAINING - Epoch: [3][660/781]	Time 0.006 (0.009)	Data 0.000 (0.001)	Loss 0.6263 (0.7885)	Prec@1 81.250 (72.549)	Prec@5 100.000 (98.031)	
0: TRAINING - Epoch: [3][670/781]	Time 0.007 (0.009)	Data 0.000 (0.001)	Loss 0.6261 (0.7877)	Prec@1 79.688 (72.592)	Prec@5 98.438 (98.028)	
0: TRAINING - Epoch: [3][680/781]	Time 0.007 (0.009)	Data 0.000 (0.001)	Loss 0.9255 (0.7873)	Prec@1 67.188 (72.623)	Prec@5 95.312 (98.022)	
0: TRAINING - Epoch: [3][690/781]	Time 0.013 (0.009)	Data 0.000 (0.001)	Loss 0.7205 (0.7866)	Prec@1 73.438 (72.635)	Prec@5 100.000 (98.030)	
0: TRAINING - Epoch: [3][700/781]	Time 0.006 (0.009)	Data 0.000 (0.001)	Loss 0.6385 (0.7858)	Prec@1 79.688 (72.653)	Prec@5 96.875 (98.023)	
0: TRAINING - Epoch: [3][710/781]	Time 0.006 (0.009)	Data 0.000 (0.001)	Loss 0.9313 (0.7851)	Prec@1 76.562 (72.673)	Prec@5 95.312 (98.020)	
0: TRAINING - Epoch: [3][720/781]	Time 0.009 (0.009)	Data 0.000 (0.001)	Loss 0.9174 (0.7845)	Prec@1 62.500 (72.699)	Prec@5 98.438 (98.019)	
0: TRAINING - Epoch: [3][730/781]	Time 0.007 (0.009)	Data 0.000 (0.001)	Loss 0.6977 (0.7842)	Prec@1 73.438 (72.702)	Prec@5 98.438 (98.027)	
0: TRAINING - Epoch: [3][740/781]	Time 0.013 (0.009)	Data 0.000 (0.001)	Loss 0.6501 (0.7839)	Prec@1 76.562 (72.702)	Prec@5 98.438 (98.028)	
0: TRAINING - Epoch: [3][750/781]	Time 0.014 (0.009)	Data 0.000 (0.001)	Loss 0.8106 (0.7838)	Prec@1 68.750 (72.699)	Prec@5 100.000 (98.034)	
0: TRAINING - Epoch: [3][760/781]	Time 0.018 (0.009)	Data 0.000 (0.001)	Loss 0.7260 (0.7828)	Prec@1 68.750 (72.750)	Prec@5 100.000 (98.045)	
0: TRAINING - Epoch: [3][770/781]	Time 0.006 (0.009)	Data 0.000 (0.001)	Loss 0.8561 (0.7825)	Prec@1 68.750 (72.783)	Prec@5 100.000 (98.044)	
0: TRAINING - Epoch: [3][780/781]	Time 0.007 (0.009)	Data 0.000 (0.001)	Loss 1.0302 (0.7825)	Prec@1 65.625 (72.781)	Prec@5 98.438 (98.051)	
0: EVALUATING - Epoch: [3][0/157]	Time 0.336 (0.336)	Data 0.333 (0.333)	Loss 0.6953 (0.6953)	Prec@1 73.438 (73.438)	Prec@5 100.000 (100.000)	
0: EVALUATING - Epoch: [3][10/157]	Time 0.002 (0.034)	Data 0.000 (0.032)	Loss 0.7868 (0.7486)	Prec@1 67.188 (73.011)	Prec@5 98.438 (99.148)	
0: EVALUATING - Epoch: [3][20/157]	Time 0.002 (0.021)	Data 0.000 (0.018)	Loss 0.8117 (0.7676)	Prec@1 71.875 (72.917)	Prec@5 100.000 (99.033)	
0: EVALUATING - Epoch: [3][30/157]	Time 0.015 (0.016)	Data 0.008 (0.012)	Loss 0.9733 (0.7725)	Prec@1 68.750 (73.387)	Prec@5 95.312 (98.438)	
0: EVALUATING - Epoch: [3][40/157]	Time 0.002 (0.012)	Data 0.000 (0.009)	Loss 0.7341 (0.7897)	Prec@1 73.438 (72.904)	Prec@5 98.438 (98.399)	
0: EVALUATING - Epoch: [3][50/157]	Time 0.002 (0.011)	Data 0.000 (0.008)	Loss 0.7926 (0.7774)	Prec@1 73.438 (73.009)	Prec@5 96.875 (98.407)	
0: EVALUATING - Epoch: [3][60/157]	Time 0.002 (0.010)	Data 0.000 (0.007)	Loss 0.7103 (0.7879)	Prec@1 76.562 (72.592)	Prec@5 100.000 (98.309)	
0: EVALUATING - Epoch: [3][70/157]	Time 0.002 (0.009)	Data 0.000 (0.006)	Loss 0.7276 (0.7728)	Prec@1 73.438 (73.239)	Prec@5 100.000 (98.349)	
0: EVALUATING - Epoch: [3][80/157]	Time 0.002 (0.009)	Data 0.000 (0.006)	Loss 0.8148 (0.7730)	Prec@1 71.875 (73.380)	Prec@5 96.875 (98.283)	
0: EVALUATING - Epoch: [3][90/157]	Time 0.005 (0.008)	Data 0.000 (0.005)	Loss 0.6839 (0.7710)	Prec@1 71.875 (73.403)	Prec@5 100.000 (98.334)	
0: EVALUATING - Epoch: [3][100/157]	Time 0.002 (0.008)	Data 0.000 (0.005)	Loss 0.6616 (0.7683)	Prec@1 76.562 (73.453)	Prec@5 100.000 (98.376)	
0: EVALUATING - Epoch: [3][110/157]	Time 0.002 (0.008)	Data 0.000 (0.005)	Loss 0.6438 (0.7728)	Prec@1 73.438 (73.395)	Prec@5 100.000 (98.381)	
0: EVALUATING - Epoch: [3][120/157]	Time 0.002 (0.007)	Data 0.000 (0.004)	Loss 0.5440 (0.7673)	Prec@1 79.688 (73.489)	Prec@5 100.000 (98.412)	
0: EVALUATING - Epoch: [3][130/157]	Time 0.009 (0.007)	Data 0.000 (0.004)	Loss 0.8516 (0.7727)	Prec@1 67.188 (73.473)	Prec@5 96.875 (98.438)	
0: EVALUATING - Epoch: [3][140/157]	Time 0.003 (0.007)	Data 0.000 (0.004)	Loss 0.8170 (0.7781)	Prec@1 70.312 (73.238)	Prec@5 100.000 (98.460)	
0: EVALUATING - Epoch: [3][150/157]	Time 0.002 (0.007)	Data 0.000 (0.004)	Loss 0.6013 (0.7752)	Prec@1 75.000 (73.303)	Prec@5 98.438 (98.469)	
0: EVALUATING - Epoch: [3][156/157]	Time 0.001 (0.006)	Data 0.000 (0.003)	Loss 0.5687 (0.7784)	Prec@1 87.500 (73.220)	Prec@5 100.000 (98.460)	
0: 
0: Results - Epoch: 4
0: Training Loss 0.7825 	Training Prec@1 72.781 	Training Prec@5 98.051 	Validation Loss 0.7784 	Validation Prec@1 73.220 	Validation Prec@5 98.460 	
0: 
0: 
0: Starting Epoch: 5
0: 
0: TRAINING - Epoch: [4][0/781]	Time 0.320 (0.320)	Data 0.311 (0.311)	Loss 0.8969 (0.8969)	Prec@1 68.750 (68.750)	Prec@5 98.438 (98.438)	
0: TRAINING - Epoch: [4][10/781]	Time 0.008 (0.041)	Data 0.000 (0.031)	Loss 0.5537 (0.7142)	Prec@1 81.250 (75.710)	Prec@5 100.000 (97.869)	
0: TRAINING - Epoch: [4][20/781]	Time 0.006 (0.026)	Data 0.000 (0.016)	Loss 0.8746 (0.7452)	Prec@1 73.438 (73.884)	Prec@5 98.438 (97.991)	
0: TRAINING - Epoch: [4][30/781]	Time 0.007 (0.021)	Data 0.000 (0.011)	Loss 0.6198 (0.7399)	Prec@1 79.688 (74.194)	Prec@5 100.000 (97.984)	
0: TRAINING - Epoch: [4][40/781]	Time 0.007 (0.018)	Data 0.000 (0.008)	Loss 0.7167 (0.7397)	Prec@1 67.188 (74.390)	Prec@5 100.000 (98.095)	
0: TRAINING - Epoch: [4][50/781]	Time 0.006 (0.016)	Data 0.000 (0.007)	Loss 0.7766 (0.7378)	Prec@1 68.750 (74.326)	Prec@5 100.000 (98.009)	
0: TRAINING - Epoch: [4][60/781]	Time 0.008 (0.015)	Data 0.000 (0.006)	Loss 0.7772 (0.7444)	Prec@1 70.312 (73.796)	Prec@5 98.438 (98.156)	
0: TRAINING - Epoch: [4][70/781]	Time 0.006 (0.014)	Data 0.000 (0.005)	Loss 1.0004 (0.7462)	Prec@1 70.312 (73.966)	Prec@5 98.438 (98.195)	
0: TRAINING - Epoch: [4][80/781]	Time 0.006 (0.013)	Data 0.000 (0.004)	Loss 0.6682 (0.7450)	Prec@1 76.562 (74.190)	Prec@5 98.438 (98.245)	
0: TRAINING - Epoch: [4][90/781]	Time 0.006 (0.013)	Data 0.000 (0.004)	Loss 0.5017 (0.7345)	Prec@1 85.938 (74.742)	Prec@5 100.000 (98.249)	
0: TRAINING - Epoch: [4][100/781]	Time 0.006 (0.012)	Data 0.000 (0.004)	Loss 0.5902 (0.7297)	Prec@1 79.688 (75.000)	Prec@5 98.438 (98.314)	
0: TRAINING - Epoch: [4][110/781]	Time 0.012 (0.012)	Data 0.000 (0.003)	Loss 0.6497 (0.7288)	Prec@1 75.000 (74.972)	Prec@5 100.000 (98.283)	
0: TRAINING - Epoch: [4][120/781]	Time 0.006 (0.012)	Data 0.000 (0.003)	Loss 0.5990 (0.7259)	Prec@1 81.250 (74.961)	Prec@5 100.000 (98.373)	
0: TRAINING - Epoch: [4][130/781]	Time 0.007 (0.012)	Data 0.000 (0.003)	Loss 0.5464 (0.7204)	Prec@1 82.812 (75.060)	Prec@5 100.000 (98.402)	
0: TRAINING - Epoch: [4][140/781]	Time 0.007 (0.011)	Data 0.000 (0.003)	Loss 0.7985 (0.7213)	Prec@1 76.562 (75.078)	Prec@5 100.000 (98.393)	
0: TRAINING - Epoch: [4][150/781]	Time 0.007 (0.011)	Data 0.000 (0.002)	Loss 0.8467 (0.7194)	Prec@1 65.625 (75.010)	Prec@5 98.438 (98.448)	
0: TRAINING - Epoch: [4][160/781]	Time 0.006 (0.011)	Data 0.000 (0.002)	Loss 0.7288 (0.7172)	Prec@1 75.000 (75.058)	Prec@5 96.875 (98.486)	
0: TRAINING - Epoch: [4][170/781]	Time 0.016 (0.011)	Data 0.000 (0.002)	Loss 0.8443 (0.7169)	Prec@1 68.750 (74.973)	Prec@5 100.000 (98.483)	
0: TRAINING - Epoch: [4][180/781]	Time 0.006 (0.011)	Data 0.000 (0.002)	Loss 0.6654 (0.7181)	Prec@1 76.562 (74.922)	Prec@5 98.438 (98.438)	
0: TRAINING - Epoch: [4][190/781]	Time 0.006 (0.011)	Data 0.000 (0.002)	Loss 0.7679 (0.7149)	Prec@1 76.562 (75.025)	Prec@5 98.438 (98.462)	
0: TRAINING - Epoch: [4][200/781]	Time 0.013 (0.011)	Data 0.000 (0.002)	Loss 0.5393 (0.7171)	Prec@1 78.125 (75.031)	Prec@5 100.000 (98.422)	
0: TRAINING - Epoch: [4][210/781]	Time 0.007 (0.010)	Data 0.000 (0.002)	Loss 0.7491 (0.7163)	Prec@1 71.875 (75.044)	Prec@5 100.000 (98.423)	
0: TRAINING - Epoch: [4][220/781]	Time 0.014 (0.010)	Data 0.000 (0.002)	Loss 0.9475 (0.7163)	Prec@1 67.188 (75.057)	Prec@5 98.438 (98.395)	
0: TRAINING - Epoch: [4][230/781]	Time 0.006 (0.010)	Data 0.000 (0.002)	Loss 0.5286 (0.7151)	Prec@1 75.000 (75.129)	Prec@5 100.000 (98.383)	
0: TRAINING - Epoch: [4][240/781]	Time 0.010 (0.010)	Data 0.000 (0.002)	Loss 0.7612 (0.7141)	Prec@1 68.750 (75.240)	Prec@5 96.875 (98.373)	
0: TRAINING - Epoch: [4][250/781]	Time 0.007 (0.010)	Data 0.000 (0.001)	Loss 0.5402 (0.7136)	Prec@1 82.812 (75.274)	Prec@5 100.000 (98.388)	
0: TRAINING - Epoch: [4][260/781]	Time 0.015 (0.011)	Data 0.000 (0.001)	Loss 0.6130 (0.7147)	Prec@1 70.312 (75.210)	Prec@5 98.438 (98.372)	
0: TRAINING - Epoch: [4][270/781]	Time 0.006 (0.011)	Data 0.000 (0.001)	Loss 0.7246 (0.7133)	Prec@1 75.000 (75.202)	Prec@5 98.438 (98.368)	
0: TRAINING - Epoch: [4][280/781]	Time 0.007 (0.010)	Data 0.000 (0.001)	Loss 0.5880 (0.7116)	Prec@1 78.125 (75.323)	Prec@5 100.000 (98.382)	
0: TRAINING - Epoch: [4][290/781]	Time 0.012 (0.010)	Data 0.000 (0.001)	Loss 0.4879 (0.7102)	Prec@1 87.500 (75.381)	Prec@5 100.000 (98.389)	
0: TRAINING - Epoch: [4][300/781]	Time 0.006 (0.010)	Data 0.000 (0.001)	Loss 0.5749 (0.7104)	Prec@1 82.812 (75.353)	Prec@5 100.000 (98.396)	
0: TRAINING - Epoch: [4][310/781]	Time 0.006 (0.010)	Data 0.000 (0.001)	Loss 0.5777 (0.7090)	Prec@1 78.125 (75.427)	Prec@5 100.000 (98.402)	
0: TRAINING - Epoch: [4][320/781]	Time 0.006 (0.010)	Data 0.000 (0.001)	Loss 0.5406 (0.7086)	Prec@1 78.125 (75.423)	Prec@5 100.000 (98.423)	
0: TRAINING - Epoch: [4][330/781]	Time 0.006 (0.010)	Data 0.000 (0.001)	Loss 0.6873 (0.7100)	Prec@1 75.000 (75.354)	Prec@5 100.000 (98.395)	
0: TRAINING - Epoch: [4][340/781]	Time 0.006 (0.010)	Data 0.000 (0.001)	Loss 0.7494 (0.7071)	Prec@1 71.875 (75.426)	Prec@5 100.000 (98.419)	
0: TRAINING - Epoch: [4][350/781]	Time 0.006 (0.010)	Data 0.000 (0.001)	Loss 0.5596 (0.7074)	Prec@1 81.250 (75.512)	Prec@5 100.000 (98.420)	
0: TRAINING - Epoch: [4][360/781]	Time 0.006 (0.010)	Data 0.000 (0.001)	Loss 1.0803 (0.7089)	Prec@1 60.938 (75.368)	Prec@5 95.312 (98.429)	
0: TRAINING - Epoch: [4][370/781]	Time 0.013 (0.010)	Data 0.000 (0.001)	Loss 0.5597 (0.7078)	Prec@1 79.688 (75.425)	Prec@5 100.000 (98.421)	
0: TRAINING - Epoch: [4][380/781]	Time 0.008 (0.010)	Data 0.000 (0.001)	Loss 0.5720 (0.7051)	Prec@1 81.250 (75.496)	Prec@5 98.438 (98.433)	
0: TRAINING - Epoch: [4][390/781]	Time 0.007 (0.010)	Data 0.000 (0.001)	Loss 0.4915 (0.7054)	Prec@1 79.688 (75.432)	Prec@5 98.438 (98.438)	
0: TRAINING - Epoch: [4][400/781]	Time 0.024 (0.010)	Data 0.000 (0.001)	Loss 0.6949 (0.7047)	Prec@1 79.688 (75.444)	Prec@5 95.312 (98.445)	
0: TRAINING - Epoch: [4][410/781]	Time 0.006 (0.010)	Data 0.000 (0.001)	Loss 0.8877 (0.7048)	Prec@1 68.750 (75.437)	Prec@5 96.875 (98.449)	
0: TRAINING - Epoch: [4][420/781]	Time 0.006 (0.010)	Data 0.000 (0.001)	Loss 0.8712 (0.7026)	Prec@1 68.750 (75.516)	Prec@5 98.438 (98.445)	
0: TRAINING - Epoch: [4][430/781]	Time 0.023 (0.010)	Data 0.000 (0.001)	Loss 0.8350 (0.7029)	Prec@1 68.750 (75.493)	Prec@5 96.875 (98.427)	
0: TRAINING - Epoch: [4][440/781]	Time 0.006 (0.010)	Data 0.000 (0.001)	Loss 0.7346 (0.7024)	Prec@1 73.438 (75.500)	Prec@5 96.875 (98.409)	
0: TRAINING - Epoch: [4][450/781]	Time 0.007 (0.009)	Data 0.000 (0.001)	Loss 0.7850 (0.7013)	Prec@1 67.188 (75.523)	Prec@5 98.438 (98.431)	
0: TRAINING - Epoch: [4][460/781]	Time 0.006 (0.009)	Data 0.000 (0.001)	Loss 0.6581 (0.7003)	Prec@1 79.688 (75.519)	Prec@5 98.438 (98.438)	
0: TRAINING - Epoch: [4][470/781]	Time 0.006 (0.009)	Data 0.000 (0.001)	Loss 0.6660 (0.6998)	Prec@1 75.000 (75.527)	Prec@5 100.000 (98.451)	
0: TRAINING - Epoch: [4][480/781]	Time 0.006 (0.009)	Data 0.000 (0.001)	Loss 0.7520 (0.6999)	Prec@1 70.312 (75.542)	Prec@5 93.750 (98.454)	
0: TRAINING - Epoch: [4][490/781]	Time 0.017 (0.009)	Data 0.000 (0.001)	Loss 0.7294 (0.7001)	Prec@1 75.000 (75.566)	Prec@5 96.875 (98.457)	
0: TRAINING - Epoch: [4][500/781]	Time 0.008 (0.009)	Data 0.000 (0.001)	Loss 0.6379 (0.7001)	Prec@1 76.562 (75.574)	Prec@5 96.875 (98.450)	
0: TRAINING - Epoch: [4][510/781]	Time 0.006 (0.009)	Data 0.000 (0.001)	Loss 0.7167 (0.6996)	Prec@1 75.000 (75.584)	Prec@5 98.438 (98.456)	
0: TRAINING - Epoch: [4][520/781]	Time 0.007 (0.009)	Data 0.000 (0.001)	Loss 0.6289 (0.6999)	Prec@1 75.000 (75.558)	Prec@5 100.000 (98.470)	
0: TRAINING - Epoch: [4][530/781]	Time 0.007 (0.009)	Data 0.000 (0.001)	Loss 0.7315 (0.7004)	Prec@1 71.875 (75.544)	Prec@5 100.000 (98.482)	
0: TRAINING - Epoch: [4][540/781]	Time 0.014 (0.009)	Data 0.000 (0.001)	Loss 0.5670 (0.7008)	Prec@1 84.375 (75.546)	Prec@5 96.875 (98.475)	
0: TRAINING - Epoch: [4][550/781]	Time 0.012 (0.009)	Data 0.000 (0.001)	Loss 0.8409 (0.7016)	Prec@1 71.875 (75.536)	Prec@5 93.750 (98.466)	
0: TRAINING - Epoch: [4][560/781]	Time 0.009 (0.009)	Data 0.000 (0.001)	Loss 0.6493 (0.7021)	Prec@1 79.688 (75.507)	Prec@5 100.000 (98.457)	
0: TRAINING - Epoch: [4][570/781]	Time 0.007 (0.009)	Data 0.000 (0.001)	Loss 0.6486 (0.7028)	Prec@1 79.688 (75.504)	Prec@5 96.875 (98.443)	
0: TRAINING - Epoch: [4][580/781]	Time 0.006 (0.009)	Data 0.000 (0.001)	Loss 0.4290 (0.7032)	Prec@1 87.500 (75.476)	Prec@5 100.000 (98.446)	
0: TRAINING - Epoch: [4][590/781]	Time 0.007 (0.009)	Data 0.000 (0.001)	Loss 0.4877 (0.7026)	Prec@1 84.375 (75.494)	Prec@5 96.875 (98.440)	
0: TRAINING - Epoch: [4][600/781]	Time 0.017 (0.009)	Data 0.000 (0.001)	Loss 0.7161 (0.7008)	Prec@1 70.312 (75.567)	Prec@5 98.438 (98.456)	
0: TRAINING - Epoch: [4][610/781]	Time 0.007 (0.009)	Data 0.000 (0.001)	Loss 0.4439 (0.6992)	Prec@1 82.812 (75.629)	Prec@5 100.000 (98.473)	
0: TRAINING - Epoch: [4][620/781]	Time 0.007 (0.009)	Data 0.000 (0.001)	Loss 0.7631 (0.6991)	Prec@1 79.688 (75.637)	Prec@5 98.438 (98.468)	
0: TRAINING - Epoch: [4][630/781]	Time 0.006 (0.009)	Data 0.000 (0.001)	Loss 0.7541 (0.6993)	Prec@1 73.438 (75.636)	Prec@5 98.438 (98.455)	
0: TRAINING - Epoch: [4][640/781]	Time 0.010 (0.009)	Data 0.000 (0.001)	Loss 0.8083 (0.6990)	Prec@1 71.875 (75.661)	Prec@5 98.438 (98.452)	
0: TRAINING - Epoch: [4][650/781]	Time 0.007 (0.009)	Data 0.000 (0.001)	Loss 0.4474 (0.6987)	Prec@1 84.375 (75.679)	Prec@5 100.000 (98.454)	
0: TRAINING - Epoch: [4][660/781]	Time 0.006 (0.009)	Data 0.000 (0.001)	Loss 0.7115 (0.6987)	Prec@1 75.000 (75.671)	Prec@5 96.875 (98.449)	
0: TRAINING - Epoch: [4][670/781]	Time 0.006 (0.009)	Data 0.000 (0.001)	Loss 0.5439 (0.6985)	Prec@1 84.375 (75.680)	Prec@5 98.438 (98.461)	
0: TRAINING - Epoch: [4][680/781]	Time 0.009 (0.009)	Data 0.000 (0.001)	Loss 0.6695 (0.6985)	Prec@1 76.562 (75.661)	Prec@5 100.000 (98.472)	
0: TRAINING - Epoch: [4][690/781]	Time 0.013 (0.009)	Data 0.000 (0.001)	Loss 0.5632 (0.6968)	Prec@1 84.375 (75.705)	Prec@5 98.438 (98.478)	
0: TRAINING - Epoch: [4][700/781]	Time 0.007 (0.009)	Data 0.000 (0.001)	Loss 0.8249 (0.6965)	Prec@1 73.438 (75.722)	Prec@5 96.875 (98.482)	
0: TRAINING - Epoch: [4][710/781]	Time 0.009 (0.009)	Data 0.000 (0.001)	Loss 0.4228 (0.6955)	Prec@1 85.938 (75.756)	Prec@5 98.438 (98.492)	
0: TRAINING - Epoch: [4][720/781]	Time 0.018 (0.009)	Data 0.000 (0.001)	Loss 0.5634 (0.6946)	Prec@1 78.125 (75.774)	Prec@5 100.000 (98.505)	
0: TRAINING - Epoch: [4][730/781]	Time 0.009 (0.009)	Data 0.000 (0.001)	Loss 0.4082 (0.6944)	Prec@1 89.062 (75.808)	Prec@5 100.000 (98.504)	
0: TRAINING - Epoch: [4][740/781]	Time 0.006 (0.009)	Data 0.000 (0.001)	Loss 0.5429 (0.6951)	Prec@1 79.688 (75.801)	Prec@5 100.000 (98.505)	
0: TRAINING - Epoch: [4][750/781]	Time 0.006 (0.009)	Data 0.000 (0.001)	Loss 0.7425 (0.6954)	Prec@1 73.438 (75.793)	Prec@5 96.875 (98.502)	
0: TRAINING - Epoch: [4][760/781]	Time 0.013 (0.009)	Data 0.000 (0.001)	Loss 0.4942 (0.6949)	Prec@1 81.250 (75.803)	Prec@5 100.000 (98.503)	
0: TRAINING - Epoch: [4][770/781]	Time 0.007 (0.009)	Data 0.000 (0.001)	Loss 0.8082 (0.6942)	Prec@1 70.312 (75.835)	Prec@5 100.000 (98.502)	
0: TRAINING - Epoch: [4][780/781]	Time 0.007 (0.009)	Data 0.000 (0.001)	Loss 0.4570 (0.6939)	Prec@1 87.500 (75.848)	Prec@5 100.000 (98.508)	
0: EVALUATING - Epoch: [4][0/157]	Time 0.332 (0.332)	Data 0.330 (0.330)	Loss 0.6619 (0.6619)	Prec@1 76.562 (76.562)	Prec@5 100.000 (100.000)	
0: EVALUATING - Epoch: [4][10/157]	Time 0.002 (0.035)	Data 0.000 (0.032)	Loss 0.8042 (0.6908)	Prec@1 73.438 (74.432)	Prec@5 98.438 (99.006)	
0: EVALUATING - Epoch: [4][20/157]	Time 0.002 (0.021)	Data 0.000 (0.017)	Loss 0.6521 (0.7251)	Prec@1 73.438 (74.702)	Prec@5 100.000 (98.884)	
0: EVALUATING - Epoch: [4][30/157]	Time 0.009 (0.016)	Data 0.007 (0.012)	Loss 0.8882 (0.7392)	Prec@1 71.875 (74.597)	Prec@5 93.750 (98.488)	
0: EVALUATING - Epoch: [4][40/157]	Time 0.002 (0.013)	Data 0.000 (0.009)	Loss 0.7009 (0.7608)	Prec@1 76.562 (73.819)	Prec@5 100.000 (98.514)	
0: EVALUATING - Epoch: [4][50/157]	Time 0.009 (0.011)	Data 0.000 (0.008)	Loss 0.7232 (0.7546)	Prec@1 76.562 (73.989)	Prec@5 98.438 (98.529)	
0: EVALUATING - Epoch: [4][60/157]	Time 0.002 (0.010)	Data 0.000 (0.007)	Loss 0.5979 (0.7696)	Prec@1 75.000 (73.719)	Prec@5 98.438 (98.258)	
0: EVALUATING - Epoch: [4][70/157]	Time 0.002 (0.009)	Data 0.000 (0.006)	Loss 0.6677 (0.7591)	Prec@1 73.438 (74.186)	Prec@5 100.000 (98.261)	
0: EVALUATING - Epoch: [4][80/157]	Time 0.014 (0.009)	Data 0.000 (0.005)	Loss 0.7342 (0.7555)	Prec@1 70.312 (74.190)	Prec@5 96.875 (98.206)	
0: EVALUATING - Epoch: [4][90/157]	Time 0.002 (0.008)	Data 0.000 (0.005)	Loss 0.6783 (0.7535)	Prec@1 78.125 (74.056)	Prec@5 100.000 (98.317)	
0: EVALUATING - Epoch: [4][100/157]	Time 0.002 (0.008)	Data 0.000 (0.004)	Loss 0.7659 (0.7502)	Prec@1 78.125 (74.134)	Prec@5 100.000 (98.376)	
0: EVALUATING - Epoch: [4][110/157]	Time 0.002 (0.007)	Data 0.000 (0.004)	Loss 0.6301 (0.7539)	Prec@1 79.688 (74.057)	Prec@5 98.438 (98.381)	
0: EVALUATING - Epoch: [4][120/157]	Time 0.002 (0.007)	Data 0.000 (0.004)	Loss 0.6885 (0.7513)	Prec@1 76.562 (74.122)	Prec@5 98.438 (98.399)	
0: EVALUATING - Epoch: [4][130/157]	Time 0.003 (0.007)	Data 0.002 (0.003)	Loss 0.9113 (0.7530)	Prec@1 67.188 (74.058)	Prec@5 98.438 (98.402)	
0: EVALUATING - Epoch: [4][140/157]	Time 0.002 (0.007)	Data 0.000 (0.003)	Loss 0.7174 (0.7567)	Prec@1 71.875 (73.859)	Prec@5 95.312 (98.371)	
0: EVALUATING - Epoch: [4][150/157]	Time 0.001 (0.007)	Data 0.000 (0.003)	Loss 0.7039 (0.7537)	Prec@1 75.000 (73.955)	Prec@5 95.312 (98.313)	
0: EVALUATING - Epoch: [4][156/157]	Time 0.002 (0.006)	Data 0.000 (0.003)	Loss 0.9565 (0.7574)	Prec@1 62.500 (73.770)	Prec@5 100.000 (98.300)	
0: 
0: Results - Epoch: 5
0: Training Loss 0.6939 	Training Prec@1 75.848 	Training Prec@5 98.508 	Validation Loss 0.7574 	Validation Prec@1 73.770 	Validation Prec@5 98.300 	
0: 
